#
# There is insufficient memory for the Java Runtime Environment to continue.
# Native memory allocation (mmap) failed to map 29360128 bytes. Error detail: G1 virtual space
# Possible reasons:
#   The system is out of physical RAM or swap space
#   This process is running with CompressedOops enabled, and the Java Heap may be blocking the growth of the native heap
# Possible solutions:
#   Reduce memory load on the system
#   Increase physical memory or swap space
#   Check if swap backing store is full
#   Decrease Java heap size (-Xmx/-Xms)
#   Decrease number of Java threads
#   Decrease Java thread stack sizes (-Xss)
#   Set larger code cache with -XX:ReservedCodeCacheSize=
#   JVM is running with Unscaled Compressed Oops mode in which the Java heap is
#     placed in the first 4GB address space. The Java Heap base address is the
#     maximum limit for the native heap growth. Please use -XX:HeapBaseMinAddress
#     to set the Java Heap base and to place the Java Heap above 4GB virtual address.
# This output file may be truncated or incomplete.
#
#  Out of Memory Error (os_windows.cpp:3898), pid=20308, tid=19948
#
# JRE version: OpenJDK Runtime Environment (21.0.6) (build 21.0.6+-13355223-b631.42)
# Java VM: OpenJDK 64-Bit Server VM (21.0.6+-13355223-b631.42, mixed mode, tiered, compressed oops, compressed class ptrs, g1 gc, windows-amd64)
# No core dump will be written. Minidumps are not enabled by default on client versions of Windows
#

---------------  S U M M A R Y ------------

Command Line: --add-opens=java.base/java.lang=ALL-UNNAMED --add-opens=java.base/java.lang.invoke=ALL-UNNAMED --add-opens=java.base/java.util=ALL-UNNAMED --add-opens=java.prefs/java.util.prefs=ALL-UNNAMED --add-exports=jdk.compiler/com.sun.tools.javac.api=ALL-UNNAMED --add-exports=jdk.compiler/com.sun.tools.javac.util=ALL-UNNAMED --add-opens=java.base/java.util=ALL-UNNAMED --add-opens=java.prefs/java.util.prefs=ALL-UNNAMED --add-opens=java.base/java.nio.charset=ALL-UNNAMED --add-opens=java.base/java.net=ALL-UNNAMED --add-opens=java.base/java.util.concurrent.atomic=ALL-UNNAMED --add-opens=java.xml/javax.xml.namespace=ALL-UNNAMED -Xmx2048m -Dfile.encoding=UTF-8 -Duser.country=US -Duser.language=en -Duser.variant -javaagent:C:\Users\dzoni\.gradle\wrapper\dists\gradle-8.11.1-bin\bpt9gzteqjrbo1mjrsomdt32c\gradle-8.11.1\lib\agents\gradle-instrumentation-agent-8.11.1.jar org.gradle.launcher.daemon.bootstrap.GradleDaemon 8.11.1

Host: Intel(R) Core(TM) i5 CPU         760  @ 2.80GHz, 4 cores, 11G,  Windows 10 , 64 bit Build 19041 (10.0.19041.5915)
Time: Fri Oct 10 03:45:02 2025 Central Europe Daylight Time elapsed time: 18.774524 seconds (0d 0h 0m 18s)

---------------  T H R E A D  ---------------

Current thread (0x00000281406dded0):  VMThread "VM Thread"          [id=19948, stack(0x000000c903200000,0x000000c903300000) (1024K)]

Stack: [0x000000c903200000,0x000000c903300000]
Native frames: (J=compiled Java code, j=interpreted, Vv=VM code, C=native code)
V  [jvm.dll+0x6d05a9]
V  [jvm.dll+0x85ea73]
V  [jvm.dll+0x860fce]
V  [jvm.dll+0x8616b3]
V  [jvm.dll+0x27e6e6]
V  [jvm.dll+0x6ccf45]
V  [jvm.dll+0x6c09fa]
V  [jvm.dll+0x35535b]
V  [jvm.dll+0x35cfb6]
V  [jvm.dll+0x3aef46]
V  [jvm.dll+0x3af218]
V  [jvm.dll+0x327a2c]
V  [jvm.dll+0x327ab7]
V  [jvm.dll+0x36d90c]
V  [jvm.dll+0x36c0be]
V  [jvm.dll+0x327181]
V  [jvm.dll+0x36b7d0]
V  [jvm.dll+0x867438]
V  [jvm.dll+0x8687b4]
V  [jvm.dll+0x868cf0]
V  [jvm.dll+0x868f83]
V  [jvm.dll+0x806e48]
V  [jvm.dll+0x6cee7d]
C  [ucrtbase.dll+0x21bb2]
C  [KERNEL32.DLL+0x17374]
C  [ntdll.dll+0x4cc91]

VM_Operation (0x000000c9047f2d30): G1CollectForAllocation, mode: safepoint, requested by thread 0x0000028146ac4f10


---------------  P R O C E S S  ---------------

Threads class SMR info:
_java_thread_list=0x0000028145a0f380, length=47, elements={
0x0000028127511f60, 0x00000281408a56e0, 0x00000281408a63f0, 0x00000281408a8040,
0x0000028140883cc0, 0x0000028140884710, 0x0000028140887910, 0x0000028140891aa0,
0x0000028140892530, 0x000002814096c720, 0x0000028140bcbce0, 0x000002814667e810,
0x00000281468e7dd0, 0x00000281469ee860, 0x00000281469dd150, 0x00000281469dd7b0,
0x0000028146b111f0, 0x0000028146ac4f10, 0x0000028146ad9f40, 0x0000028146ad98b0,
0x0000028146ad77e0, 0x0000028146ad7150, 0x0000028146ad7e70, 0x0000028146ad8500,
0x0000028146ada5d0, 0x0000028146ad8b90, 0x0000028146ad9220, 0x000002814878f9d0,
0x00000281487906f0, 0x0000028148794f20, 0x00000281487927c0, 0x0000028148792e50,
0x0000028148791410, 0x0000028148794890, 0x0000028148793b70, 0x0000028148790060,
0x00000281487955b0, 0x0000028148790d80, 0x00000281487934e0, 0x0000028148794200,
0x00000281487962d0, 0x000002814878f340, 0x00000281455bb7b0, 0x00000281455b68f0,
0x00000281455b96e0, 0x00000281455bcb60, 0x00000281455bd1f0
}

Java Threads: ( => current thread )
  0x0000028127511f60 JavaThread "main"                              [_thread_blocked, id=17424, stack(0x000000c902b00000,0x000000c902c00000) (1024K)]
  0x00000281408a56e0 JavaThread "Reference Handler"          daemon [_thread_blocked, id=23408, stack(0x000000c903300000,0x000000c903400000) (1024K)]
  0x00000281408a63f0 JavaThread "Finalizer"                  daemon [_thread_blocked, id=7992, stack(0x000000c903400000,0x000000c903500000) (1024K)]
  0x00000281408a8040 JavaThread "Signal Dispatcher"          daemon [_thread_blocked, id=4140, stack(0x000000c903500000,0x000000c903600000) (1024K)]
  0x0000028140883cc0 JavaThread "Attach Listener"            daemon [_thread_blocked, id=5668, stack(0x000000c903600000,0x000000c903700000) (1024K)]
  0x0000028140884710 JavaThread "Service Thread"             daemon [_thread_blocked, id=22704, stack(0x000000c903700000,0x000000c903800000) (1024K)]
  0x0000028140887910 JavaThread "Monitor Deflation Thread"   daemon [_thread_blocked, id=15144, stack(0x000000c903800000,0x000000c903900000) (1024K)]
  0x0000028140891aa0 JavaThread "C2 CompilerThread0"         daemon [_thread_blocked, id=20588, stack(0x000000c903900000,0x000000c903a00000) (1024K)]
  0x0000028140892530 JavaThread "C1 CompilerThread0"         daemon [_thread_blocked, id=21560, stack(0x000000c903a00000,0x000000c903b00000) (1024K)]
  0x000002814096c720 JavaThread "Common-Cleaner"             daemon [_thread_blocked, id=6968, stack(0x000000c903b00000,0x000000c903c00000) (1024K)]
  0x0000028140bcbce0 JavaThread "Notification Thread"        daemon [_thread_blocked, id=14872, stack(0x000000c903c00000,0x000000c903d00000) (1024K)]
  0x000002814667e810 JavaThread "Daemon health stats"               [_thread_blocked, id=20800, stack(0x000000c904100000,0x000000c904200000) (1024K)]
  0x00000281468e7dd0 JavaThread "Incoming local TCP Connector on port 50848"        [_thread_in_native, id=21388, stack(0x000000c904200000,0x000000c904300000) (1024K)]
  0x00000281469ee860 JavaThread "Daemon periodic checks"            [_thread_blocked, id=10700, stack(0x000000c904300000,0x000000c904400000) (1024K)]
  0x00000281469dd150 JavaThread "Daemon"                            [_thread_blocked, id=21884, stack(0x000000c904400000,0x000000c904500000) (1024K)]
  0x00000281469dd7b0 JavaThread "Handler for socket connection from /127.0.0.1:50848 to /127.0.0.1:50849"        [_thread_in_native, id=20380, stack(0x000000c904500000,0x000000c904600000) (1024K)]
  0x0000028146b111f0 JavaThread "Cancel handler"                    [_thread_blocked, id=22604, stack(0x000000c904600000,0x000000c904700000) (1024K)]
  0x0000028146ac4f10 JavaThread "Daemon worker"                     [_thread_blocked, id=21288, stack(0x000000c904700000,0x000000c904800000) (1024K)]
  0x0000028146ad9f40 JavaThread "Asynchronous log dispatcher for DefaultDaemonConnection: socket connection from /127.0.0.1:50848 to /127.0.0.1:50849"        [_thread_blocked, id=9672, stack(0x000000c904800000,0x000000c904900000) (1024K)]
  0x0000028146ad98b0 JavaThread "Stdin handler"                     [_thread_blocked, id=15620, stack(0x000000c904900000,0x000000c904a00000) (1024K)]
  0x0000028146ad77e0 JavaThread "Daemon client event forwarder"        [_thread_blocked, id=17400, stack(0x000000c904a00000,0x000000c904b00000) (1024K)]
  0x0000028146ad7150 JavaThread "Cache worker for journal cache (C:\Users\dzoni\.gradle\caches\journal-1)"        [_thread_blocked, id=6608, stack(0x000000c904000000,0x000000c904100000) (1024K)]
  0x0000028146ad7e70 JavaThread "File lock request listener"        [_thread_in_native, id=11604, stack(0x000000c904b00000,0x000000c904c00000) (1024K)]
  0x0000028146ad8500 JavaThread "Cache worker for file hash cache (C:\Users\dzoni\.gradle\caches\8.11.1\fileHashes)"        [_thread_blocked, id=22796, stack(0x000000c904c00000,0x000000c904d00000) (1024K)]
  0x0000028146ada5d0 JavaThread "Cache worker for file content cache (C:\Users\dzoni\.gradle\caches\8.11.1\fileContent)"        [_thread_blocked, id=21300, stack(0x000000c904e00000,0x000000c904f00000) (1024K)]
  0x0000028146ad8b90 JavaThread "Cache worker for file hash cache (E:\AndroidApps\MovieApp\.gradle\8.11.1\fileHashes)"        [_thread_blocked, id=20792, stack(0x000000c904f00000,0x000000c905000000) (1024K)]
  0x0000028146ad9220 JavaThread "Cache worker for Build Output Cleanup Cache (E:\AndroidApps\MovieApp\.gradle\buildOutputCleanup)"        [_thread_blocked, id=21748, stack(0x000000c905000000,0x000000c905100000) (1024K)]
  0x000002814878f9d0 JavaThread "File watcher server"        daemon [_thread_in_native, id=8524, stack(0x000000c905100000,0x000000c905200000) (1024K)]
  0x00000281487906f0 JavaThread "File watcher consumer"      daemon [_thread_blocked, id=21148, stack(0x000000c904d00000,0x000000c904e00000) (1024K)]
  0x0000028148794f20 JavaThread "jar transforms"                    [_thread_blocked, id=11328, stack(0x000000c905300000,0x000000c905400000) (1024K)]
  0x00000281487927c0 JavaThread "jar transforms Thread 2"           [_thread_blocked, id=2932, stack(0x000000c905400000,0x000000c905500000) (1024K)]
  0x0000028148792e50 JavaThread "jar transforms Thread 3"           [_thread_blocked, id=8684, stack(0x000000c905500000,0x000000c905600000) (1024K)]
  0x0000028148791410 JavaThread "jar transforms Thread 4"           [_thread_blocked, id=10364, stack(0x000000c905600000,0x000000c905700000) (1024K)]
  0x0000028148794890 JavaThread "Cache worker for checksums cache (E:\AndroidApps\MovieApp\.gradle\8.11.1\checksums)"        [_thread_blocked, id=5836, stack(0x000000c905700000,0x000000c905800000) (1024K)]
  0x0000028148793b70 JavaThread "Cache worker for cache directory md-rule (C:\Users\dzoni\.gradle\caches\8.11.1\md-rule)"        [_thread_blocked, id=7656, stack(0x000000c905800000,0x000000c905900000) (1024K)]
  0x0000028148790060 JavaThread "Cache worker for cache directory md-supplier (C:\Users\dzoni\.gradle\caches\8.11.1\md-supplier)"        [_thread_blocked, id=16336, stack(0x000000c905900000,0x000000c905a00000) (1024K)]
  0x00000281487955b0 JavaThread "Unconstrained build operations"        [_thread_blocked, id=23524, stack(0x000000c905a00000,0x000000c905b00000) (1024K)]
  0x0000028148790d80 JavaThread "Unconstrained build operations Thread 2"        [_thread_blocked, id=13140, stack(0x000000c905b00000,0x000000c905c00000) (1024K)]
  0x00000281487934e0 JavaThread "Unconstrained build operations Thread 3"        [_thread_blocked, id=20272, stack(0x000000c905c00000,0x000000c905d00000) (1024K)]
  0x0000028148794200 JavaThread "Unconstrained build operations Thread 4"        [_thread_blocked, id=21444, stack(0x000000c905d00000,0x000000c905e00000) (1024K)]
  0x00000281487962d0 JavaThread "Unconstrained build operations Thread 5"        [_thread_blocked, id=11588, stack(0x000000c905e00000,0x000000c905f00000) (1024K)]
  0x000002814878f340 JavaThread "Unconstrained build operations Thread 6"        [_thread_blocked, id=22928, stack(0x000000c905f00000,0x000000c906000000) (1024K)]
  0x00000281455bb7b0 JavaThread "Unconstrained build operations Thread 7"        [_thread_blocked, id=21228, stack(0x000000c906000000,0x000000c906100000) (1024K)]
  0x00000281455b68f0 JavaThread "Unconstrained build operations Thread 8"        [_thread_blocked, id=9268, stack(0x000000c906100000,0x000000c906200000) (1024K)]
  0x00000281455b96e0 JavaThread "Unconstrained build operations Thread 9"        [_thread_blocked, id=19556, stack(0x000000c906200000,0x000000c906300000) (1024K)]
  0x00000281455bcb60 JavaThread "Unconstrained build operations Thread 10"        [_thread_blocked, id=8892, stack(0x000000c906300000,0x000000c906400000) (1024K)]
  0x00000281455bd1f0 JavaThread "Kotlin DSL Writer"                 [_thread_blocked, id=14540, stack(0x000000c906400000,0x000000c906500000) (1024K)]
Total: 47

Other Threads:
=>0x00000281406dded0 VMThread "VM Thread"                           [id=19948, stack(0x000000c903200000,0x000000c903300000) (1024K)]
  0x0000028140675540 WatcherThread "VM Periodic Task Thread"        [id=21340, stack(0x000000c903100000,0x000000c903200000) (1024K)]
  0x00000281298a5930 WorkerThread "GC Thread#0"                     [id=1372, stack(0x000000c902c00000,0x000000c902d00000) (1024K)]
  0x0000028145036140 WorkerThread "GC Thread#1"                     [id=20492, stack(0x000000c903d00000,0x000000c903e00000) (1024K)]
  0x000002814510a860 WorkerThread "GC Thread#2"                     [id=17296, stack(0x000000c903e00000,0x000000c903f00000) (1024K)]
  0x000002814510ac00 WorkerThread "GC Thread#3"                     [id=10504, stack(0x000000c903f00000,0x000000c904000000) (1024K)]
  0x00000281298b6990 ConcurrentGCThread "G1 Main Marker"            [id=13172, stack(0x000000c902d00000,0x000000c902e00000) (1024K)]
  0x00000281298b7b40 WorkerThread "G1 Conc#0"                       [id=22028, stack(0x000000c902e00000,0x000000c902f00000) (1024K)]
  0x000002814054a1c0 ConcurrentGCThread "G1 Refine#0"               [id=20736, stack(0x000000c902f00000,0x000000c903000000) (1024K)]
  0x000002814054da00 ConcurrentGCThread "G1 Service"                [id=2408, stack(0x000000c903000000,0x000000c903100000) (1024K)]
Total: 10

Threads with active compile tasks:
Total: 0

VM state: at safepoint (normal execution)

VM Mutex/Monitor currently owned by a thread:  ([mutex/lock_event])
[0x00007ffc193ce3a0] Threads_lock - owner thread: 0x00000281406dded0
[0x00007ffc193ce4a0] Heap_lock - owner thread: 0x0000028146ac4f10

Heap address: 0x0000000080000000, size: 2048 MB, Compressed Oops mode: 32-bit

CDS archive(s) not mapped
Compressed class space mapped at: 0x0000000100000000-0x0000000140000000, reserved size: 1073741824
Narrow klass base: 0x0000000000000000, Narrow klass shift: 3, Narrow klass range: 0x140000000

GC Precious Log:
 CardTable entry size: 512
 Card Set container configuration: InlinePtr #cards 5 size 8 Array Of Cards #cards 12 size 40 Howl #buckets 4 coarsen threshold 1843 Howl Bitmap #cards 512 size 80 coarsen threshold 460 Card regions per heap region 1 cards per card region 2048
 CPUs: 4 total, 4 available
 Memory: 12279M
 Large Page Support: Disabled
 NUMA Support: Disabled
 Compressed Oops: Enabled (32-bit)
 Heap Region Size: 1M
 Heap Min Capacity: 8M
 Heap Initial Capacity: 192M
 Heap Max Capacity: 2G
 Pre-touch: Disabled
 Parallel Workers: 4
 Concurrent Workers: 1
 Concurrent Refinement Workers: 4
 Periodic GC: Disabled

Heap:
 garbage-first heap   total 140288K, used 85765K [0x0000000080000000, 0x0000000100000000)
  region size 1024K, 5 young (5120K), 5 survivors (5120K)
 Metaspace       used 85710K, committed 87552K, reserved 1179648K
  class space    used 11820K, committed 12736K, reserved 1048576K

Heap Regions: E=young(eden), S=young(survivor), O=old, HS=humongous(starts), HC=humongous(continues), CS=collection set, F=free, TAMS=top-at-mark-start, PB=parsable bottom
|   0|0x0000000080000000, 0x0000000080100000, 0x0000000080100000|100%|HS|  |TAMS 0x0000000080000000| PB 0x0000000080000000| Complete 
|   1|0x0000000080100000, 0x0000000080200000, 0x0000000080200000|100%|HC|  |TAMS 0x0000000080100000| PB 0x0000000080100000| Complete 
|   2|0x0000000080200000, 0x0000000080300000, 0x0000000080300000|100%|HC|  |TAMS 0x0000000080200000| PB 0x0000000080200000| Complete 
|   3|0x0000000080300000, 0x0000000080400000, 0x0000000080400000|100%| O|  |TAMS 0x0000000080300000| PB 0x0000000080300000| Untracked 
|   4|0x0000000080400000, 0x0000000080500000, 0x0000000080500000|100%| O|  |TAMS 0x0000000080400000| PB 0x0000000080400000| Untracked 
|   5|0x0000000080500000, 0x0000000080600000, 0x0000000080600000|100%| O|  |TAMS 0x0000000080500000| PB 0x0000000080500000| Untracked 
|   6|0x0000000080600000, 0x0000000080700000, 0x0000000080700000|100%|HS|  |TAMS 0x0000000080600000| PB 0x0000000080600000| Complete 
|   7|0x0000000080700000, 0x0000000080800000, 0x0000000080800000|100%| O|  |TAMS 0x0000000080700000| PB 0x0000000080700000| Untracked 
|   8|0x0000000080800000, 0x0000000080900000, 0x0000000080900000|100%| O|  |TAMS 0x0000000080800000| PB 0x0000000080800000| Untracked 
|   9|0x0000000080900000, 0x0000000080a00000, 0x0000000080a00000|100%| O|  |TAMS 0x0000000080900000| PB 0x0000000080900000| Untracked 
|  10|0x0000000080a00000, 0x0000000080b00000, 0x0000000080b00000|100%| O|  |TAMS 0x0000000080a00000| PB 0x0000000080a00000| Untracked 
|  11|0x0000000080b00000, 0x0000000080c00000, 0x0000000080c00000|100%| O|  |TAMS 0x0000000080b00000| PB 0x0000000080b00000| Untracked 
|  12|0x0000000080c00000, 0x0000000080d00000, 0x0000000080d00000|100%| O|  |TAMS 0x0000000080c00000| PB 0x0000000080c00000| Untracked 
|  13|0x0000000080d00000, 0x0000000080e00000, 0x0000000080e00000|100%| O|  |TAMS 0x0000000080d00000| PB 0x0000000080d00000| Untracked 
|  14|0x0000000080e00000, 0x0000000080f00000, 0x0000000080f00000|100%| O|  |TAMS 0x0000000080e00000| PB 0x0000000080e00000| Untracked 
|  15|0x0000000080f00000, 0x0000000081000000, 0x0000000081000000|100%| O|  |TAMS 0x0000000080f00000| PB 0x0000000080f00000| Untracked 
|  16|0x0000000081000000, 0x0000000081100000, 0x0000000081100000|100%| O|  |TAMS 0x0000000081000000| PB 0x0000000081000000| Untracked 
|  17|0x0000000081100000, 0x0000000081200000, 0x0000000081200000|100%| O|  |TAMS 0x0000000081100000| PB 0x0000000081100000| Untracked 
|  18|0x0000000081200000, 0x0000000081300000, 0x0000000081300000|100%| O|  |TAMS 0x0000000081200000| PB 0x0000000081200000| Untracked 
|  19|0x0000000081300000, 0x0000000081400000, 0x0000000081400000|100%| O|  |TAMS 0x0000000081300000| PB 0x0000000081300000| Untracked 
|  20|0x0000000081400000, 0x0000000081500000, 0x0000000081500000|100%| O|  |TAMS 0x0000000081400000| PB 0x0000000081400000| Untracked 
|  21|0x0000000081500000, 0x0000000081600000, 0x0000000081600000|100%|HS|  |TAMS 0x0000000081500000| PB 0x0000000081500000| Complete 
|  22|0x0000000081600000, 0x0000000081700000, 0x0000000081700000|100%|HC|  |TAMS 0x0000000081600000| PB 0x0000000081600000| Complete 
|  23|0x0000000081700000, 0x0000000081800000, 0x0000000081800000|100%|HC|  |TAMS 0x0000000081700000| PB 0x0000000081700000| Complete 
|  24|0x0000000081800000, 0x0000000081900000, 0x0000000081900000|100%|HC|  |TAMS 0x0000000081800000| PB 0x0000000081800000| Complete 
|  25|0x0000000081900000, 0x0000000081a00000, 0x0000000081a00000|100%|HC|  |TAMS 0x0000000081900000| PB 0x0000000081900000| Complete 
|  26|0x0000000081a00000, 0x0000000081b00000, 0x0000000081b00000|100%|HC|  |TAMS 0x0000000081a00000| PB 0x0000000081a00000| Complete 
|  27|0x0000000081b00000, 0x0000000081c00000, 0x0000000081c00000|100%|HS|  |TAMS 0x0000000081b00000| PB 0x0000000081b00000| Complete 
|  28|0x0000000081c00000, 0x0000000081d00000, 0x0000000081d00000|100%|HC|  |TAMS 0x0000000081c00000| PB 0x0000000081c00000| Complete 
|  29|0x0000000081d00000, 0x0000000081e00000, 0x0000000081e00000|100%|HC|  |TAMS 0x0000000081d00000| PB 0x0000000081d00000| Complete 
|  30|0x0000000081e00000, 0x0000000081f00000, 0x0000000081f00000|100%|HC|  |TAMS 0x0000000081e00000| PB 0x0000000081e00000| Complete 
|  31|0x0000000081f00000, 0x0000000082000000, 0x0000000082000000|100%| O|  |TAMS 0x0000000081f00000| PB 0x0000000081f00000| Untracked 
|  32|0x0000000082000000, 0x0000000082100000, 0x0000000082100000|100%|HS|  |TAMS 0x0000000082000000| PB 0x0000000082000000| Complete 
|  33|0x0000000082100000, 0x0000000082200000, 0x0000000082200000|100%|HC|  |TAMS 0x0000000082100000| PB 0x0000000082100000| Complete 
|  34|0x0000000082200000, 0x0000000082300000, 0x0000000082300000|100%|HS|  |TAMS 0x0000000082200000| PB 0x0000000082200000| Complete 
|  35|0x0000000082300000, 0x0000000082400000, 0x0000000082400000|100%| O|  |TAMS 0x0000000082300000| PB 0x0000000082300000| Untracked 
|  36|0x0000000082400000, 0x0000000082500000, 0x0000000082500000|100%| O|  |TAMS 0x0000000082400000| PB 0x0000000082400000| Untracked 
|  37|0x0000000082500000, 0x0000000082600000, 0x0000000082600000|100%| O|  |TAMS 0x0000000082500000| PB 0x0000000082500000| Untracked 
|  38|0x0000000082600000, 0x0000000082700000, 0x0000000082700000|100%| O|  |TAMS 0x0000000082600000| PB 0x0000000082600000| Untracked 
|  39|0x0000000082700000, 0x0000000082800000, 0x0000000082800000|100%| O|  |TAMS 0x0000000082700000| PB 0x0000000082700000| Untracked 
|  40|0x0000000082800000, 0x0000000082900000, 0x0000000082900000|100%| O|  |TAMS 0x0000000082800000| PB 0x0000000082800000| Untracked 
|  41|0x0000000082900000, 0x0000000082a00000, 0x0000000082a00000|100%| O|  |TAMS 0x0000000082900000| PB 0x0000000082900000| Untracked 
|  42|0x0000000082a00000, 0x0000000082b00000, 0x0000000082b00000|100%| O|  |TAMS 0x0000000082a00000| PB 0x0000000082a00000| Untracked 
|  43|0x0000000082b00000, 0x0000000082c00000, 0x0000000082c00000|100%| O|  |TAMS 0x0000000082b00000| PB 0x0000000082b00000| Untracked 
|  44|0x0000000082c00000, 0x0000000082d00000, 0x0000000082d00000|100%| O|  |TAMS 0x0000000082c00000| PB 0x0000000082c00000| Untracked 
|  45|0x0000000082d00000, 0x0000000082e00000, 0x0000000082e00000|100%| O|  |TAMS 0x0000000082d00000| PB 0x0000000082d00000| Untracked 
|  46|0x0000000082e00000, 0x0000000082f00000, 0x0000000082f00000|100%| O|  |TAMS 0x0000000082e00000| PB 0x0000000082e00000| Untracked 
|  47|0x0000000082f00000, 0x0000000083000000, 0x0000000083000000|100%| O|  |TAMS 0x0000000082f00000| PB 0x0000000082f00000| Untracked 
|  48|0x0000000083000000, 0x0000000083100000, 0x0000000083100000|100%|HS|  |TAMS 0x0000000083000000| PB 0x0000000083000000| Complete 
|  49|0x0000000083100000, 0x0000000083200000, 0x0000000083200000|100%|HC|  |TAMS 0x0000000083100000| PB 0x0000000083100000| Complete 
|  50|0x0000000083200000, 0x0000000083300000, 0x0000000083300000|100%| O|  |TAMS 0x0000000083200000| PB 0x0000000083200000| Untracked 
|  51|0x0000000083300000, 0x0000000083400000, 0x0000000083400000|100%| O|  |TAMS 0x0000000083300000| PB 0x0000000083300000| Untracked 
|  52|0x0000000083400000, 0x0000000083400000, 0x0000000083500000|  0%| F|  |TAMS 0x0000000083400000| PB 0x0000000083400000| Untracked 
|  53|0x0000000083500000, 0x0000000083600000, 0x0000000083600000|100%| O|  |TAMS 0x0000000083500000| PB 0x0000000083500000| Untracked 
|  54|0x0000000083600000, 0x0000000083700000, 0x0000000083700000|100%| O|  |TAMS 0x0000000083600000| PB 0x0000000083600000| Untracked 
|  55|0x0000000083700000, 0x0000000083800000, 0x0000000083800000|100%| O|  |TAMS 0x0000000083700000| PB 0x0000000083700000| Untracked 
|  56|0x0000000083800000, 0x0000000083900000, 0x0000000083900000|100%| O|  |TAMS 0x0000000083800000| PB 0x0000000083800000| Untracked 
|  57|0x0000000083900000, 0x0000000083900000, 0x0000000083a00000|  0%| F|  |TAMS 0x0000000083900000| PB 0x0000000083900000| Untracked 
|  58|0x0000000083a00000, 0x0000000083b00000, 0x0000000083b00000|100%| O|  |TAMS 0x0000000083a00000| PB 0x0000000083a00000| Untracked 
|  59|0x0000000083b00000, 0x0000000083c00000, 0x0000000083c00000|100%| O|  |TAMS 0x0000000083b00000| PB 0x0000000083b00000| Untracked 
|  60|0x0000000083c00000, 0x0000000083d00000, 0x0000000083d00000|100%| O|  |TAMS 0x0000000083c00000| PB 0x0000000083c00000| Untracked 
|  61|0x0000000083d00000, 0x0000000083e00000, 0x0000000083e00000|100%|HS|  |TAMS 0x0000000083d00000| PB 0x0000000083d00000| Complete 
|  62|0x0000000083e00000, 0x0000000083f00000, 0x0000000083f00000|100%|HC|  |TAMS 0x0000000083e00000| PB 0x0000000083e00000| Complete 
|  63|0x0000000083f00000, 0x0000000084000000, 0x0000000084000000|100%|HC|  |TAMS 0x0000000083f00000| PB 0x0000000083f00000| Complete 
|  64|0x0000000084000000, 0x0000000084100000, 0x0000000084100000|100%|HC|  |TAMS 0x0000000084000000| PB 0x0000000084000000| Complete 
|  65|0x0000000084100000, 0x0000000084200000, 0x0000000084200000|100%|HC|  |TAMS 0x0000000084100000| PB 0x0000000084100000| Complete 
|  66|0x0000000084200000, 0x0000000084300000, 0x0000000084300000|100%|HC|  |TAMS 0x0000000084200000| PB 0x0000000084200000| Complete 
|  67|0x0000000084300000, 0x0000000084400000, 0x0000000084400000|100%|HS|  |TAMS 0x0000000084300000| PB 0x0000000084300000| Complete 
|  68|0x0000000084400000, 0x0000000084500000, 0x0000000084500000|100%|HC|  |TAMS 0x0000000084400000| PB 0x0000000084400000| Complete 
|  69|0x0000000084500000, 0x0000000084600000, 0x0000000084600000|100%|HC|  |TAMS 0x0000000084500000| PB 0x0000000084500000| Complete 
|  70|0x0000000084600000, 0x0000000084700000, 0x0000000084700000|100%|HC|  |TAMS 0x0000000084600000| PB 0x0000000084600000| Complete 
|  71|0x0000000084700000, 0x0000000084800000, 0x0000000084800000|100%|HC|  |TAMS 0x0000000084700000| PB 0x0000000084700000| Complete 
|  72|0x0000000084800000, 0x0000000084900000, 0x0000000084900000|100%|HC|  |TAMS 0x0000000084800000| PB 0x0000000084800000| Complete 
|  73|0x0000000084900000, 0x0000000084a00000, 0x0000000084a00000|100%| O|  |TAMS 0x0000000084900000| PB 0x0000000084900000| Untracked 
|  74|0x0000000084a00000, 0x0000000084b00000, 0x0000000084b00000|100%| O|  |TAMS 0x0000000084a00000| PB 0x0000000084a00000| Untracked 
|  75|0x0000000084b00000, 0x0000000084c00000, 0x0000000084c00000|100%| O|  |TAMS 0x0000000084b00000| PB 0x0000000084b00000| Untracked 
|  76|0x0000000084c00000, 0x0000000084d00000, 0x0000000084d00000|100%| O|  |TAMS 0x0000000084c00000| PB 0x0000000084c00000| Untracked 
|  77|0x0000000084d00000, 0x0000000084e00000, 0x0000000084e00000|100%| O|  |TAMS 0x0000000084d00000| PB 0x0000000084d00000| Untracked 
|  78|0x0000000084e00000, 0x0000000084f00000, 0x0000000084f00000|100%| O|  |TAMS 0x0000000084e00000| PB 0x0000000084e00000| Untracked 
|  79|0x0000000084f00000, 0x0000000085000000, 0x0000000085000000|100%| O|  |TAMS 0x0000000084f00000| PB 0x0000000084f00000| Untracked 
|  80|0x0000000085000000, 0x0000000085100000, 0x0000000085100000|100%| O|  |TAMS 0x0000000085000000| PB 0x0000000085000000| Untracked 
|  81|0x0000000085100000, 0x000000008514f210, 0x0000000085200000| 30%| O|  |TAMS 0x0000000085100000| PB 0x0000000085100000| Untracked 
|  82|0x0000000085200000, 0x0000000085200000, 0x0000000085300000|  0%| F|  |TAMS 0x0000000085200000| PB 0x0000000085200000| Untracked 
|  83|0x0000000085300000, 0x0000000085300000, 0x0000000085400000|  0%| F|  |TAMS 0x0000000085300000| PB 0x0000000085300000| Untracked 
|  84|0x0000000085400000, 0x0000000085400000, 0x0000000085500000|  0%| F|  |TAMS 0x0000000085400000| PB 0x0000000085400000| Untracked 
|  85|0x0000000085500000, 0x0000000085500000, 0x0000000085600000|  0%| F|  |TAMS 0x0000000085500000| PB 0x0000000085500000| Untracked 
|  86|0x0000000085600000, 0x0000000085600000, 0x0000000085700000|  0%| F|  |TAMS 0x0000000085600000| PB 0x0000000085600000| Untracked 
|  87|0x0000000085700000, 0x0000000085700000, 0x0000000085800000|  0%| F|  |TAMS 0x0000000085700000| PB 0x0000000085700000| Untracked 
|  88|0x0000000085800000, 0x0000000085800000, 0x0000000085900000|  0%| F|  |TAMS 0x0000000085800000| PB 0x0000000085800000| Untracked 
|  89|0x0000000085900000, 0x0000000085900000, 0x0000000085a00000|  0%| F|  |TAMS 0x0000000085900000| PB 0x0000000085900000| Untracked 
|  90|0x0000000085a00000, 0x0000000085a72498, 0x0000000085b00000| 44%| S|CS|TAMS 0x0000000085a00000| PB 0x0000000085a00000| Complete 
|  91|0x0000000085b00000, 0x0000000085c00000, 0x0000000085c00000|100%| S|CS|TAMS 0x0000000085b00000| PB 0x0000000085b00000| Complete 
|  92|0x0000000085c00000, 0x0000000085d00000, 0x0000000085d00000|100%| S|CS|TAMS 0x0000000085c00000| PB 0x0000000085c00000| Complete 
|  93|0x0000000085d00000, 0x0000000085e00000, 0x0000000085e00000|100%| S|CS|TAMS 0x0000000085d00000| PB 0x0000000085d00000| Complete 
|  94|0x0000000085e00000, 0x0000000085f00000, 0x0000000085f00000|100%| S|CS|TAMS 0x0000000085e00000| PB 0x0000000085e00000| Complete 
|  95|0x0000000085f00000, 0x0000000085f00000, 0x0000000086000000|  0%| F|  |TAMS 0x0000000085f00000| PB 0x0000000085f00000| Untracked 
|  96|0x0000000086000000, 0x0000000086000000, 0x0000000086100000|  0%| F|  |TAMS 0x0000000086000000| PB 0x0000000086000000| Untracked 
|  97|0x0000000086100000, 0x0000000086100000, 0x0000000086200000|  0%| F|  |TAMS 0x0000000086100000| PB 0x0000000086100000| Untracked 
|  98|0x0000000086200000, 0x0000000086200000, 0x0000000086300000|  0%| F|  |TAMS 0x0000000086200000| PB 0x0000000086200000| Untracked 
|  99|0x0000000086300000, 0x0000000086300000, 0x0000000086400000|  0%| F|  |TAMS 0x0000000086300000| PB 0x0000000086300000| Untracked 
| 100|0x0000000086400000, 0x0000000086400000, 0x0000000086500000|  0%| F|  |TAMS 0x0000000086400000| PB 0x0000000086400000| Untracked 
| 101|0x0000000086500000, 0x0000000086500000, 0x0000000086600000|  0%| F|  |TAMS 0x0000000086500000| PB 0x0000000086500000| Untracked 
| 102|0x0000000086600000, 0x0000000086600000, 0x0000000086700000|  0%| F|  |TAMS 0x0000000086600000| PB 0x0000000086600000| Untracked 
| 103|0x0000000086700000, 0x0000000086700000, 0x0000000086800000|  0%| F|  |TAMS 0x0000000086700000| PB 0x0000000086700000| Untracked 
| 104|0x0000000086800000, 0x0000000086800000, 0x0000000086900000|  0%| F|  |TAMS 0x0000000086800000| PB 0x0000000086800000| Untracked 
| 105|0x0000000086900000, 0x0000000086900000, 0x0000000086a00000|  0%| F|  |TAMS 0x0000000086900000| PB 0x0000000086900000| Untracked 
| 106|0x0000000086a00000, 0x0000000086a00000, 0x0000000086b00000|  0%| F|  |TAMS 0x0000000086a00000| PB 0x0000000086a00000| Untracked 
| 107|0x0000000086b00000, 0x0000000086b00000, 0x0000000086c00000|  0%| F|  |TAMS 0x0000000086b00000| PB 0x0000000086b00000| Untracked 
| 108|0x0000000086c00000, 0x0000000086c00000, 0x0000000086d00000|  0%| F|  |TAMS 0x0000000086c00000| PB 0x0000000086c00000| Untracked 
| 109|0x0000000086d00000, 0x0000000086d00000, 0x0000000086e00000|  0%| F|  |TAMS 0x0000000086d00000| PB 0x0000000086d00000| Untracked 
| 110|0x0000000086e00000, 0x0000000086e00000, 0x0000000086f00000|  0%| F|  |TAMS 0x0000000086e00000| PB 0x0000000086e00000| Untracked 
| 111|0x0000000086f00000, 0x0000000086f00000, 0x0000000087000000|  0%| F|  |TAMS 0x0000000086f00000| PB 0x0000000086f00000| Untracked 
| 112|0x0000000087000000, 0x0000000087000000, 0x0000000087100000|  0%| F|  |TAMS 0x0000000087000000| PB 0x0000000087000000| Untracked 
| 113|0x0000000087100000, 0x0000000087100000, 0x0000000087200000|  0%| F|  |TAMS 0x0000000087100000| PB 0x0000000087100000| Untracked 
| 114|0x0000000087200000, 0x0000000087200000, 0x0000000087300000|  0%| F|  |TAMS 0x0000000087200000| PB 0x0000000087200000| Untracked 
| 115|0x0000000087300000, 0x0000000087300000, 0x0000000087400000|  0%| F|  |TAMS 0x0000000087300000| PB 0x0000000087300000| Untracked 
| 116|0x0000000087400000, 0x0000000087400000, 0x0000000087500000|  0%| F|  |TAMS 0x0000000087400000| PB 0x0000000087400000| Untracked 
| 117|0x0000000087500000, 0x0000000087500000, 0x0000000087600000|  0%| F|  |TAMS 0x0000000087500000| PB 0x0000000087500000| Untracked 
| 118|0x0000000087600000, 0x0000000087600000, 0x0000000087700000|  0%| F|  |TAMS 0x0000000087600000| PB 0x0000000087600000| Untracked 
| 119|0x0000000087700000, 0x0000000087700000, 0x0000000087800000|  0%| F|  |TAMS 0x0000000087700000| PB 0x0000000087700000| Untracked 
| 120|0x0000000087800000, 0x0000000087800000, 0x0000000087900000|  0%| F|  |TAMS 0x0000000087800000| PB 0x0000000087800000| Untracked 
| 121|0x0000000087900000, 0x0000000087900000, 0x0000000087a00000|  0%| F|  |TAMS 0x0000000087900000| PB 0x0000000087900000| Untracked 
| 122|0x0000000087a00000, 0x0000000087a00000, 0x0000000087b00000|  0%| F|  |TAMS 0x0000000087a00000| PB 0x0000000087a00000| Untracked 
| 123|0x0000000087b00000, 0x0000000087b00000, 0x0000000087c00000|  0%| F|  |TAMS 0x0000000087b00000| PB 0x0000000087b00000| Untracked 
| 124|0x0000000087c00000, 0x0000000087c00000, 0x0000000087d00000|  0%| F|  |TAMS 0x0000000087c00000| PB 0x0000000087c00000| Untracked 
| 125|0x0000000087d00000, 0x0000000087d00000, 0x0000000087e00000|  0%| F|  |TAMS 0x0000000087d00000| PB 0x0000000087d00000| Untracked 
| 126|0x0000000087e00000, 0x0000000087e00000, 0x0000000087f00000|  0%| F|  |TAMS 0x0000000087e00000| PB 0x0000000087e00000| Untracked 
| 127|0x0000000087f00000, 0x0000000087f00000, 0x0000000088000000|  0%| F|  |TAMS 0x0000000087f00000| PB 0x0000000087f00000| Untracked 
| 128|0x0000000088000000, 0x0000000088000000, 0x0000000088100000|  0%| F|  |TAMS 0x0000000088000000| PB 0x0000000088000000| Untracked 
| 129|0x0000000088100000, 0x0000000088100000, 0x0000000088200000|  0%| F|  |TAMS 0x0000000088100000| PB 0x0000000088100000| Untracked 
| 130|0x0000000088200000, 0x0000000088200000, 0x0000000088300000|  0%| F|  |TAMS 0x0000000088200000| PB 0x0000000088200000| Untracked 
| 131|0x0000000088300000, 0x0000000088300000, 0x0000000088400000|  0%| F|  |TAMS 0x0000000088300000| PB 0x0000000088300000| Untracked 
| 132|0x0000000088400000, 0x0000000088400000, 0x0000000088500000|  0%| F|  |TAMS 0x0000000088400000| PB 0x0000000088400000| Untracked 
| 190|0x000000008be00000, 0x000000008be00000, 0x000000008bf00000|  0%| F|  |TAMS 0x000000008be00000| PB 0x000000008be00000| Untracked 
| 191|0x000000008bf00000, 0x000000008bf00000, 0x000000008c000000|  0%| F|  |TAMS 0x000000008bf00000| PB 0x000000008bf00000| Untracked 
|2046|0x00000000ffe00000, 0x00000000ffe00000, 0x00000000fff00000|  0%| F|  |TAMS 0x00000000ffe00000| PB 0x00000000ffe00000| Untracked 
|2047|0x00000000fff00000, 0x00000000fff00000, 0x0000000100000000|  0%| F|  |TAMS 0x00000000fff00000| PB 0x00000000fff00000| Untracked 

Card table byte_map: [0x000002813bdb0000,0x000002813c1b0000] _byte_map_base: 0x000002813b9b0000

Marking Bits: (CMBitMap*) 0x00000281298a5f40
 Bits: [0x000002813c1b0000, 0x000002813e1b0000)

Polling page: 0x0000028127830000

Metaspace:

Usage:
  Non-class:     72.16 MB used.
      Class:     11.54 MB used.
       Both:     83.70 MB used.

Virtual space:
  Non-class space:      128.00 MB reserved,      73.06 MB ( 57%) committed,  2 nodes.
      Class space:        1.00 GB reserved,      12.44 MB (  1%) committed,  1 nodes.
             Both:        1.12 GB reserved,      85.50 MB (  7%) committed. 

Chunk freelists:
   Non-Class:  6.92 MB
       Class:  3.45 MB
        Both:  10.38 MB

MaxMetaspaceSize: unlimited
CompressedClassSpaceSize: 1.00 GB
Initial GC threshold: 21.00 MB
Current GC threshold: 125.56 MB
CDS: off
 - commit_granule_bytes: 65536.
 - commit_granule_words: 8192.
 - virtual_space_node_default_size: 8388608.
 - enlarge_chunks_in_place: 1.
 - use_allocation_guard: 0.


Internal statistics:

num_allocs_failed_limit: 3.
num_arena_births: 3308.
num_arena_deaths: 0.
num_vsnodes_births: 3.
num_vsnodes_deaths: 0.
num_space_committed: 1368.
num_space_uncommitted: 0.
num_chunks_returned_to_freelist: 3.
num_chunks_taken_from_freelist: 6755.
num_chunk_merges: 3.
num_chunk_splits: 4491.
num_chunks_enlarged: 2917.
num_inconsistent_stats: 0.

CodeHeap 'non-profiled nmethods': size=120000Kb used=3813Kb max_used=3813Kb free=116186Kb
 bounds [0x0000028134480000, 0x0000028134840000, 0x000002813b9b0000]
CodeHeap 'profiled nmethods': size=120000Kb used=15377Kb max_used=15377Kb free=104622Kb
 bounds [0x000002812c9b0000, 0x000002812d8c0000, 0x0000028133ee0000]
CodeHeap 'non-nmethods': size=5760Kb used=2786Kb max_used=2871Kb free=2973Kb
 bounds [0x0000028133ee0000, 0x00000281341c0000, 0x0000028134480000]
 total_blobs=8326 nmethods=7405 adapters=825
 compilation: enabled
              stopped_count=0, restarted_count=0
 full_count=0

Compilation events (20 events):
Event: 18.388 Thread 0x0000028140892530 8410       3       java.lang.invoke.LambdaForm$MH/0x000000010020d000::invoke (64 bytes)
Event: 18.389 Thread 0x0000028140892530 nmethod 8410 0x000002812d8ad090 code [0x000002812d8ad340, 0x000002812d8ae190]
Event: 18.417 Thread 0x0000028140892530 8411       3       java.lang.StringUTF16::length (5 bytes)
Event: 18.418 Thread 0x0000028140892530 nmethod 8411 0x000002812d8ae610 code [0x000002812d8ae7a0, 0x000002812d8ae898]
Event: 18.418 Thread 0x0000028140892530 8412       3       java.lang.StringUTF16::checkIndex (9 bytes)
Event: 18.418 Thread 0x0000028140892530 nmethod 8412 0x000002812d8ae990 code [0x000002812d8aeb40, 0x000002812d8aed38]
Event: 18.418 Thread 0x0000028140892530 8413       3       java.lang.StringUTF16::charAt (11 bytes)
Event: 18.418 Thread 0x000002814a224010 8414       4       java.lang.StringUTF16::length (5 bytes)
Event: 18.418 Thread 0x0000028140892530 nmethod 8413 0x000002812d8aee90 code [0x000002812d8af040, 0x000002812d8af2a8]
Event: 18.418 Thread 0x000002814a224010 nmethod 8414 0x0000028134838a90 code [0x0000028134838c20, 0x0000028134838ca0]
Event: 18.525 Thread 0x0000028140892530 8415       1       org.jetbrains.kotlin.com.intellij.psi.tree.IElementType::getIndex (5 bytes)
Event: 18.525 Thread 0x0000028140892530 nmethod 8415 0x0000028134838d90 code [0x0000028134838f20, 0x0000028134838ff0]
Event: 18.652 Thread 0x0000028140892530 8416       3       java.lang.Class::getConstructor (31 bytes)
Event: 18.653 Thread 0x0000028140892530 nmethod 8416 0x000002812d8af410 code [0x000002812d8af680, 0x000002812d8aff10]
Event: 18.691 Thread 0x0000028140891aa0 8417   !   4       java.net.URLClassLoader::findClass (47 bytes)
Event: 18.695 Thread 0x0000028140891aa0 nmethod 8417 0x0000028134839090 code [0x0000028134839260, 0x0000028134839518]
Event: 18.743 Thread 0x0000028140892530 8418   !   3       org.jetbrains.kotlin.com.intellij.psi.tree.IElementType::<init> (287 bytes)
Event: 18.746 Thread 0x0000028140892530 nmethod 8418 0x000002812d8b0310 code [0x000002812d8b0860, 0x000002812d8b2e28]
Event: 18.746 Thread 0x0000028140892530 8419       3       org.jetbrains.kotlin.com.intellij.psi.tree.IElementType::<init> (30 bytes)
Event: 18.746 Thread 0x0000028140892530 nmethod 8419 0x000002812d8b4090 code [0x000002812d8b4260, 0x000002812d8b4580]

GC Heap History (20 events):
Event: 11.980 GC heap after
{Heap after GC invocations=17 (full 0):
 garbage-first heap   total 94208K, used 53198K [0x0000000080000000, 0x0000000100000000)
  region size 1024K, 4 young (4096K), 4 survivors (4096K)
 Metaspace       used 54016K, committed 55488K, reserved 1114112K
  class space    used 7258K, committed 8000K, reserved 1048576K
}
Event: 12.853 GC heap before
{Heap before GC invocations=17 (full 0):
 garbage-first heap   total 94208K, used 84942K [0x0000000080000000, 0x0000000100000000)
  region size 1024K, 34 young (34816K), 4 survivors (4096K)
 Metaspace       used 56576K, committed 58112K, reserved 1114112K
  class space    used 7665K, committed 8448K, reserved 1048576K
}
Event: 12.862 GC heap after
{Heap after GC invocations=18 (full 0):
 garbage-first heap   total 95232K, used 59392K [0x0000000080000000, 0x0000000100000000)
  region size 1024K, 5 young (5120K), 5 survivors (5120K)
 Metaspace       used 56576K, committed 58112K, reserved 1114112K
  class space    used 7665K, committed 8448K, reserved 1048576K
}
Event: 13.044 GC heap before
{Heap before GC invocations=18 (full 0):
 garbage-first heap   total 95232K, used 64512K [0x0000000080000000, 0x0000000100000000)
  region size 1024K, 12 young (12288K), 5 survivors (5120K)
 Metaspace       used 56701K, committed 58304K, reserved 1114112K
  class space    used 7667K, committed 8448K, reserved 1048576K
}
Event: 13.050 GC heap after
{Heap after GC invocations=19 (full 0):
 garbage-first heap   total 95232K, used 61389K [0x0000000080000000, 0x0000000100000000)
  region size 1024K, 3 young (3072K), 3 survivors (3072K)
 Metaspace       used 56701K, committed 58304K, reserved 1114112K
  class space    used 7667K, committed 8448K, reserved 1048576K
}
Event: 13.652 GC heap before
{Heap before GC invocations=20 (full 0):
 garbage-first heap   total 112640K, used 97229K [0x0000000080000000, 0x0000000100000000)
  region size 1024K, 25 young (25600K), 3 survivors (3072K)
 Metaspace       used 59062K, committed 60672K, reserved 1114112K
  class space    used 7878K, committed 8640K, reserved 1048576K
}
Event: 13.656 GC heap after
{Heap after GC invocations=21 (full 0):
 garbage-first heap   total 112640K, used 77152K [0x0000000080000000, 0x0000000100000000)
  region size 1024K, 4 young (4096K), 4 survivors (4096K)
 Metaspace       used 59062K, committed 60672K, reserved 1114112K
  class space    used 7878K, committed 8640K, reserved 1048576K
}
Event: 13.807 GC heap before
{Heap before GC invocations=21 (full 0):
 garbage-first heap   total 112640K, used 99680K [0x0000000080000000, 0x0000000100000000)
  region size 1024K, 26 young (26624K), 4 survivors (4096K)
 Metaspace       used 59202K, committed 60864K, reserved 1114112K
  class space    used 7894K, committed 8704K, reserved 1048576K
}
Event: 13.811 GC heap after
{Heap after GC invocations=22 (full 0):
 garbage-first heap   total 112640K, used 77479K [0x0000000080000000, 0x0000000100000000)
  region size 1024K, 2 young (2048K), 2 survivors (2048K)
 Metaspace       used 59202K, committed 60864K, reserved 1114112K
  class space    used 7894K, committed 8704K, reserved 1048576K
}
Event: 14.223 GC heap before
{Heap before GC invocations=22 (full 0):
 garbage-first heap   total 112640K, used 98983K [0x0000000080000000, 0x0000000100000000)
  region size 1024K, 24 young (24576K), 2 survivors (2048K)
 Metaspace       used 62214K, committed 63872K, reserved 1114112K
  class space    used 8329K, committed 9152K, reserved 1048576K
}
Event: 14.226 GC heap after
{Heap after GC invocations=23 (full 0):
 garbage-first heap   total 112640K, used 78291K [0x0000000080000000, 0x0000000100000000)
  region size 1024K, 2 young (2048K), 2 survivors (2048K)
 Metaspace       used 62214K, committed 63872K, reserved 1114112K
  class space    used 8329K, committed 9152K, reserved 1048576K
}
Event: 14.708 GC heap before
{Heap before GC invocations=24 (full 0):
 garbage-first heap   total 132096K, used 100819K [0x0000000080000000, 0x0000000100000000)
  region size 1024K, 25 young (25600K), 2 survivors (2048K)
 Metaspace       used 65499K, committed 67200K, reserved 1114112K
  class space    used 8817K, committed 9664K, reserved 1048576K
}
Event: 14.713 GC heap after
{Heap after GC invocations=25 (full 0):
 garbage-first heap   total 132096K, used 79621K [0x0000000080000000, 0x0000000100000000)
  region size 1024K, 4 young (4096K), 4 survivors (4096K)
 Metaspace       used 65499K, committed 67200K, reserved 1114112K
  class space    used 8817K, committed 9664K, reserved 1048576K
}
Event: 15.410 GC heap before
{Heap before GC invocations=25 (full 0):
 garbage-first heap   total 132096K, used 114437K [0x0000000080000000, 0x0000000100000000)
  region size 1024K, 39 young (39936K), 4 survivors (4096K)
 Metaspace       used 72417K, committed 74048K, reserved 1114112K
  class space    used 9761K, committed 10560K, reserved 1048576K
}
Event: 15.416 GC heap after
{Heap after GC invocations=26 (full 0):
 garbage-first heap   total 132096K, used 80249K [0x0000000080000000, 0x0000000100000000)
  region size 1024K, 4 young (4096K), 4 survivors (4096K)
 Metaspace       used 72417K, committed 74048K, reserved 1114112K
  class space    used 9761K, committed 10560K, reserved 1048576K
}
Event: 16.712 GC heap before
{Heap before GC invocations=26 (full 0):
 garbage-first heap   total 132096K, used 118137K [0x0000000080000000, 0x0000000100000000)
  region size 1024K, 41 young (41984K), 4 survivors (4096K)
 Metaspace       used 75373K, committed 77120K, reserved 1179648K
  class space    used 10013K, committed 10880K, reserved 1048576K
}
Event: 16.720 GC heap after
{Heap after GC invocations=27 (full 0):
 garbage-first heap   total 132096K, used 82892K [0x0000000080000000, 0x0000000100000000)
  region size 1024K, 6 young (6144K), 6 survivors (6144K)
 Metaspace       used 75373K, committed 77120K, reserved 1179648K
  class space    used 10013K, committed 10880K, reserved 1048576K
}
Event: 17.663 GC heap before
{Heap before GC invocations=28 (full 0):
 garbage-first heap   total 140288K, used 116684K [0x0000000080000000, 0x0000000100000000)
  region size 1024K, 39 young (39936K), 6 survivors (6144K)
 Metaspace       used 78694K, committed 80512K, reserved 1179648K
  class space    used 10536K, committed 11456K, reserved 1048576K
}
Event: 17.672 GC heap after
{Heap after GC invocations=29 (full 0):
 garbage-first heap   total 140288K, used 84992K [0x0000000080000000, 0x0000000100000000)
  region size 1024K, 3 young (3072K), 3 survivors (3072K)
 Metaspace       used 78694K, committed 80512K, reserved 1179648K
  class space    used 10536K, committed 11456K, reserved 1048576K
}
Event: 18.759 GC heap before
{Heap before GC invocations=29 (full 0):
 garbage-first heap   total 140288K, used 124928K [0x0000000080000000, 0x0000000100000000)
  region size 1024K, 42 young (43008K), 3 survivors (3072K)
 Metaspace       used 85710K, committed 87552K, reserved 1179648K
  class space    used 11820K, committed 12736K, reserved 1048576K
}

Dll operation events (3 events):
Event: 0.041 Loaded shared library C:\Program Files\Android\Android Studio\jbr\bin\java.dll
Event: 0.067 Loaded shared library C:\Program Files\Android\Android Studio\jbr\bin\zip.dll
Event: 1.618 Loaded shared library C:\Program Files\Android\Android Studio\jbr\bin\verify.dll

Deoptimization events (20 events):
Event: 17.657 Thread 0x0000028146ac4f10 DEOPT PACKING pc=0x00000281347706c4 sp=0x000000c9047f7b50
Event: 17.657 Thread 0x0000028146ac4f10 DEOPT UNPACKING pc=0x0000028133f3469c sp=0x000000c9047f7978 mode 2
Event: 17.790 Thread 0x0000028146ac4f10 Uncommon trap: trap_request=0xffffff45 fr.pc=0x0000028134587008 relative=0x00000000000003c8
Event: 17.790 Thread 0x0000028146ac4f10 Uncommon trap: reason=unstable_if action=reinterpret pc=0x0000028134587008 method=org.gradle.internal.reflect.PropertyAccessorType.isGetGetterName(Ljava/lang/String;)Z @ 14 c2
Event: 17.790 Thread 0x0000028146ac4f10 DEOPT PACKING pc=0x0000028134587008 sp=0x000000c9047f8480
Event: 17.790 Thread 0x0000028146ac4f10 DEOPT UNPACKING pc=0x0000028133f3469c sp=0x000000c9047f83d8 mode 2
Event: 17.847 Thread 0x0000028146ac4f10 Uncommon trap: trap_request=0xffffff45 fr.pc=0x0000028134781f44 relative=0x0000000000001684
Event: 17.847 Thread 0x0000028146ac4f10 Uncommon trap: reason=unstable_if action=reinterpret pc=0x0000028134781f44 method=java.util.concurrent.ConcurrentHashMap.computeIfAbsent(Ljava/lang/Object;Ljava/util/function/Function;)Ljava/lang/Object; @ 123 c2
Event: 17.847 Thread 0x0000028146ac4f10 DEOPT PACKING pc=0x0000028134781f44 sp=0x000000c9047f92a0
Event: 17.847 Thread 0x0000028146ac4f10 DEOPT UNPACKING pc=0x0000028133f3469c sp=0x000000c9047f9240 mode 2
Event: 18.042 Thread 0x00000281455bd1f0 Uncommon trap: trap_request=0xffffff45 fr.pc=0x000002813455de68 relative=0x00000000000000c8
Event: 18.042 Thread 0x00000281455bd1f0 Uncommon trap: reason=unstable_if action=reinterpret pc=0x000002813455de68 method=java.lang.CharacterDataLatin1.isWhitespace(I)Z @ 14 c2
Event: 18.042 Thread 0x00000281455bd1f0 DEOPT PACKING pc=0x000002813455de68 sp=0x000000c9064feb30
Event: 18.042 Thread 0x00000281455bd1f0 DEOPT UNPACKING pc=0x0000028133f3469c sp=0x000000c9064fe9f8 mode 2
Event: 18.042 Thread 0x00000281455bd1f0 Uncommon trap: trap_request=0xffffff45 fr.pc=0x000002813450393c relative=0x000000000000009c
Event: 18.042 Thread 0x00000281455bd1f0 Uncommon trap: reason=unstable_if action=reinterpret pc=0x000002813450393c method=java.lang.CharacterDataLatin1.isWhitespace(I)Z @ 14 c2
Event: 18.042 Thread 0x00000281455bd1f0 DEOPT PACKING pc=0x000002813450393c sp=0x000000c9064feaa0
Event: 18.042 Thread 0x00000281455bd1f0 DEOPT UNPACKING pc=0x0000028133f3469c sp=0x000000c9064fea10 mode 2
Event: 18.341 Thread 0x0000028146ad8500 DEOPT PACKING pc=0x000002812d04a6db sp=0x000000c904cfe7f0
Event: 18.341 Thread 0x0000028146ad8500 DEOPT UNPACKING pc=0x0000028133f34e23 sp=0x000000c904cfdc78 mode 0

Classes loaded (20 events):
Event: 17.442 Loading class java/util/IdentityHashMap$EntrySet
Event: 17.442 Loading class java/util/IdentityHashMap$EntrySet done
Event: 17.442 Loading class java/util/IdentityHashMap$EntryIterator
Event: 17.442 Loading class java/util/IdentityHashMap$IdentityHashMapIterator
Event: 17.442 Loading class java/util/IdentityHashMap$IdentityHashMapIterator done
Event: 17.442 Loading class java/util/IdentityHashMap$EntryIterator done
Event: 17.442 Loading class java/util/IdentityHashMap$EntryIterator$Entry
Event: 17.442 Loading class java/util/IdentityHashMap$EntryIterator$Entry done
Event: 17.502 Loading class java/lang/invoke/SerializedLambda$1
Event: 17.502 Loading class java/lang/invoke/SerializedLambda$1 done
Event: 17.534 Loading class org/xml/sax/SAXParseException
Event: 17.534 Loading class org/xml/sax/SAXParseException done
Event: 17.534 Loading class org/xml/sax/Locator
Event: 17.534 Loading class org/xml/sax/Locator done
Event: 17.535 Loading class org/xml/sax/Attributes
Event: 17.536 Loading class org/xml/sax/Attributes done
Event: 17.630 Loading class java/util/DualPivotQuicksort
Event: 17.631 Loading class java/util/DualPivotQuicksort done
Event: 17.770 Loading class java/util/function/LongUnaryOperator
Event: 17.770 Loading class java/util/function/LongUnaryOperator done

Classes unloaded (0 events):
No events

Classes redefined (0 events):
No events

Internal exceptions (20 events):
Event: 17.437 Thread 0x0000028146ac4f10 Exception <a 'java/lang/NoSuchMethodError'{0x0000000087310b88}: 'long java.lang.invoke.DelegatingMethodHandle$Holder.reinvoke_L(java.lang.Object, java.lang.Object)'> (0x0000000087310b88) 
thrown [s\src\hotspot\share\interpreter\linkResolver.cpp, line 784]
Event: 17.438 Thread 0x0000028146ac4f10 Exception <a 'java/lang/NoSuchMethodError'{0x000000008731b4b0}: 'void java.lang.invoke.DelegatingMethodHandle$Holder.reinvoke_L(java.lang.Object, java.lang.Object, long)'> (0x000000008731b4b0) 
thrown [s\src\hotspot\share\interpreter\linkResolver.cpp, line 784]
Event: 17.438 Thread 0x0000028146ac4f10 Exception <a 'java/lang/NoSuchMethodError'{0x0000000087322ce0}: 'long java.lang.invoke.Invokers$Holder.invokeExact_MT(java.lang.Object, java.lang.Object, java.lang.Object)'> (0x0000000087322ce0) 
thrown [s\src\hotspot\share\interpreter\linkResolver.cpp, line 784]
Event: 17.487 Thread 0x0000028146ac4f10 Exception <a 'java/lang/NoSuchMethodError'{0x00000000871c7de8}: 'void java.lang.invoke.Invokers$Holder.invokeExact_MT(java.lang.Object, java.lang.Object, java.lang.Object, java.lang.Object)'> (0x00000000871c7de8) 
thrown [s\src\hotspot\share\interpreter\linkResolver.cpp, line 784]
Event: 17.495 Thread 0x0000028146ac4f10 Exception <a 'java/lang/ClassNotFoundException'{0x00000000870384e8}: org/gradle/internal/serialize/codecs/core/ClosureCodec$BrokenScriptBeanInfo> (0x00000000870384e8) 
thrown [s\src\hotspot\share\classfile\systemDictionary.cpp, line 312]
Event: 17.495 Thread 0x0000028146ac4f10 Exception <a 'java/lang/ClassNotFoundException'{0x0000000087046f80}: org/gradle/internal/serialize/codecs/core/ClosureCodec$BrokenScriptCustomizer> (0x0000000087046f80) 
thrown [s\src\hotspot\share\classfile\systemDictionary.cpp, line 312]
Event: 17.497 Thread 0x0000028146ac4f10 Exception <a 'java/lang/ClassNotFoundException'{0x0000000087061298}: org/gradle/api/invocation/GradleBeanInfo> (0x0000000087061298) 
thrown [s\src\hotspot\share\classfile\systemDictionary.cpp, line 312]
Event: 17.497 Thread 0x0000028146ac4f10 Exception <a 'java/lang/ClassNotFoundException'{0x000000008706cf28}: org/gradle/api/invocation/GradleCustomizer> (0x000000008706cf28) 
thrown [s\src\hotspot\share\classfile\systemDictionary.cpp, line 312]
Event: 17.500 Thread 0x0000028146ac4f10 Exception <a 'java/lang/NoSuchMethodError'{0x000000008708f4d8}: 'void java.lang.invoke.Invokers$Holder.invokeExact_MT(java.lang.Object, java.lang.Object, int, java.lang.Object)'> (0x000000008708f4d8) 
thrown [s\src\hotspot\share\interpreter\linkResolver.cpp, line 784]
Event: 17.504 Thread 0x0000028146ac4f10 Exception <a 'java/lang/NoSuchMethodError'{0x00000000870b14d0}: 'void java.lang.invoke.Invokers$Holder.invokeExact_MT(java.lang.Object, java.lang.Object, long, java.lang.Object)'> (0x00000000870b14d0) 
thrown [s\src\hotspot\share\interpreter\linkResolver.cpp, line 784]
Event: 17.521 Thread 0x0000028146ac4f10 Exception <a 'java/lang/ClassNotFoundException'{0x0000000086fe0488}: org/gradle/api/internal/project/DefaultProject_DecoratedBeanInfo> (0x0000000086fe0488) 
thrown [s\src\hotspot\share\classfile\systemDictionary.cpp, line 312]
Event: 17.522 Thread 0x0000028146ac4f10 Exception <a 'java/lang/ClassNotFoundException'{0x0000000086fec2e8}: org/gradle/api/internal/project/DefaultProjectBeanInfo> (0x0000000086fec2e8) 
thrown [s\src\hotspot\share\classfile\systemDictionary.cpp, line 312]
Event: 17.523 Thread 0x0000028146ac4f10 Exception <a 'java/lang/ClassNotFoundException'{0x0000000086ff81c0}: org/gradle/api/internal/project/DefaultProjectCustomizer> (0x0000000086ff81c0) 
thrown [s\src\hotspot\share\classfile\systemDictionary.cpp, line 312]
Event: 17.530 Thread 0x0000028146ac4f10 Exception <a 'java/lang/ClassNotFoundException'{0x0000000086eb66d8}: org/gradle/api/internal/project/DefaultProject_DecoratedCustomizer> (0x0000000086eb66d8) 
thrown [s\src\hotspot\share\classfile\systemDictionary.cpp, line 312]
Event: 17.643 Thread 0x0000028146ac4f10 Exception <a 'java/lang/NoSuchMethodError'{0x000000008684a5f0}: 'java.lang.Object java.lang.invoke.DirectMethodHandle$Holder.invokeInterface(java.lang.Object, java.lang.Object, int)'> (0x000000008684a5f0) 
thrown [s\src\hotspot\share\interpreter\linkResolver.cpp, line 784]
Event: 17.771 Thread 0x0000028146ac4f10 Exception <a 'java/lang/NoSuchMethodError'{0x000000008befb0f8}: 'long java.lang.invoke.DirectMethodHandle$Holder.invokeStatic(java.lang.Object, long)'> (0x000000008befb0f8) 
thrown [s\src\hotspot\share\interpreter\linkResolver.cpp, line 784]
Event: 17.879 Thread 0x0000028146ac4f10 Exception <a 'java/lang/NoSuchMethodError'{0x000000008801d048}: 'java.lang.Object java.lang.invoke.DirectMethodHandle$Holder.invokeVirtual(java.lang.Object, java.lang.Object, java.lang.Object, java.lang.Object, java.lang.Object, java.lang.Object, java.lang.Object, java.lang.Object, java.lang.Object, java.lang.Object, java.lang.Object, java.lang.Object, java.lang.Object, java.lang.Object, java.lang.Object, java.lang.Object, java.lang.Object)'> (0x000000008801d048) 
thrown [s\src\hotspot\share\interpreter\li
Event: 17.879 Thread 0x0000028146ac4f10 Exception <a 'java/lang/NoSuchMethodError'{0x0000000088023050}: 'java.lang.Object java.lang.invoke.DirectMethodHandle$Holder.invokeSpecial(java.lang.Object, java.lang.Object, java.lang.Object, java.lang.Object, java.lang.Object, java.lang.Object, java.lang.Object, java.lang.Object, java.lang.Object, java.lang.Object, java.lang.Object, java.lang.Object, java.lang.Object, java.lang.Object, java.lang.Object, java.lang.Object, java.lang.Object, java.lang.Object)'> (0x0000000088023050) 
thrown [s\src\hotspot\sh
Event: 17.879 Thread 0x0000028146ac4f10 Exception <a 'java/lang/NoSuchMethodError'{0x0000000088028858}: 'java.lang.Object java.lang.invoke.DelegatingMethodHandle$Holder.reinvoke_L(java.lang.Object, java.lang.Object, java.lang.Object, java.lang.Object, java.lang.Object, java.lang.Object, java.lang.Object, java.lang.Object, java.lang.Object, java.lang.Object, java.lang.Object, java.lang.Object, java.lang.Object, java.lang.Object, java.lang.Object, java.lang.Object, java.lang.Object)'> (0x0000000088028858) 
thrown [s\src\hotspot\share\interpreter\l
Event: 18.443 Thread 0x0000028146ac4f10 Exception <a 'java/lang/NoSuchMethodError'{0x0000000086eaa090}: 'java.lang.Object java.lang.invoke.DirectMethodHandle$Holder.invokeStaticInit(java.lang.Object, int)'> (0x0000000086eaa090) 
thrown [s\src\hotspot\share\interpreter\linkResolver.cpp, line 784]

ZGC Phase Switch (0 events):
No events

VM Operations (20 events):
Event: 16.701 Executing VM operation: ICBufferFull done
Event: 16.712 Executing VM operation: G1CollectForAllocation (G1 Evacuation Pause)
Event: 16.720 Executing VM operation: G1CollectForAllocation (G1 Evacuation Pause) done
Event: 16.811 Executing VM operation: G1PauseRemark
Event: 16.816 Executing VM operation: G1PauseRemark done
Event: 16.850 Executing VM operation: G1PauseCleanup
Event: 16.850 Executing VM operation: G1PauseCleanup done
Event: 17.353 Executing VM operation: HandshakeAllThreads (Deoptimize)
Event: 17.353 Executing VM operation: HandshakeAllThreads (Deoptimize) done
Event: 17.463 Executing VM operation: HandshakeAllThreads (Deoptimize)
Event: 17.463 Executing VM operation: HandshakeAllThreads (Deoptimize) done
Event: 17.663 Executing VM operation: G1CollectForAllocation (G1 Evacuation Pause)
Event: 17.672 Executing VM operation: G1CollectForAllocation (G1 Evacuation Pause) done
Event: 18.370 Executing VM operation: HandshakeAllThreads (Deoptimize)
Event: 18.370 Executing VM operation: HandshakeAllThreads (Deoptimize) done
Event: 18.422 Executing VM operation: HandshakeAllThreads (Deoptimize)
Event: 18.422 Executing VM operation: HandshakeAllThreads (Deoptimize) done
Event: 18.440 Executing VM operation: HandshakeAllThreads (Deoptimize)
Event: 18.440 Executing VM operation: HandshakeAllThreads (Deoptimize) done
Event: 18.759 Executing VM operation: G1CollectForAllocation (G1 Evacuation Pause)

Memory protections (0 events):
No events

Nmethod flushes (20 events):
Event: 16.815 Thread 0x00000281406dded0 flushing  nmethod 0x000002812cb03490
Event: 16.815 Thread 0x00000281406dded0 flushing  nmethod 0x000002812cb3b810
Event: 16.815 Thread 0x00000281406dded0 flushing  nmethod 0x000002812cb82e90
Event: 16.815 Thread 0x00000281406dded0 flushing  nmethod 0x000002812cbad010
Event: 16.815 Thread 0x00000281406dded0 flushing  nmethod 0x000002812cc0e290
Event: 16.815 Thread 0x00000281406dded0 flushing  nmethod 0x000002812cdc0810
Event: 16.815 Thread 0x00000281406dded0 flushing  nmethod 0x000002812ce16d10
Event: 16.815 Thread 0x00000281406dded0 flushing  nmethod 0x000002812ced9a90
Event: 16.815 Thread 0x00000281406dded0 flushing  nmethod 0x000002812ca6f010
Event: 16.815 Thread 0x00000281406dded0 flushing  nmethod 0x000002812cb65510
Event: 16.815 Thread 0x00000281406dded0 flushing  nmethod 0x000002812cd36310
Event: 16.815 Thread 0x00000281406dded0 flushing  nmethod 0x000002812cd67b90
Event: 16.815 Thread 0x00000281406dded0 flushing  nmethod 0x000002812cd98710
Event: 16.815 Thread 0x00000281406dded0 flushing  nmethod 0x000002812ce34610
Event: 16.815 Thread 0x00000281406dded0 flushing  nmethod 0x000002812ce59390
Event: 16.815 Thread 0x00000281406dded0 flushing  nmethod 0x000002812cebc110
Event: 16.815 Thread 0x00000281406dded0 flushing  nmethod 0x000002812cf7e990
Event: 16.815 Thread 0x00000281406dded0 flushing  nmethod 0x000002812cf91c10
Event: 16.815 Thread 0x00000281406dded0 flushing  nmethod 0x000002812d17cf10
Event: 16.815 Thread 0x00000281406dded0 flushing  nmethod 0x000002812d394210

Events (20 events):
Event: 12.480 Thread 0x0000028146ac4f10 Thread added: 0x00000281487934e0
Event: 12.480 Thread 0x0000028146ac4f10 Thread added: 0x0000028148794200
Event: 12.765 Thread 0x0000028146ac4f10 Thread added: 0x00000281487962d0
Event: 12.765 Thread 0x0000028146ac4f10 Thread added: 0x000002814878f340
Event: 12.766 Thread 0x0000028146ac4f10 Thread added: 0x00000281455bb7b0
Event: 12.801 Thread 0x0000028146ac4f10 Thread added: 0x00000281455b68f0
Event: 12.802 Thread 0x0000028146ac4f10 Thread added: 0x00000281455b96e0
Event: 12.802 Thread 0x0000028146ac4f10 Thread added: 0x00000281455bcb60
Event: 13.161 Thread 0x0000028145d61140 Thread exited: 0x0000028145d61140
Event: 13.663 Thread 0x0000028140891aa0 Thread added: 0x0000028147569c10
Event: 14.041 Thread 0x0000028147569c10 Thread exited: 0x0000028147569c10
Event: 14.492 Thread 0x0000028140892530 Thread added: 0x0000028148b7e550
Event: 14.692 Thread 0x0000028148b7e550 Thread exited: 0x0000028148b7e550
Event: 14.773 Thread 0x0000028140892530 Thread added: 0x0000028149172000
Event: 15.301 Thread 0x0000028149172000 Thread exited: 0x0000028149172000
Event: 15.493 Thread 0x0000028140891aa0 Thread added: 0x0000028149172000
Event: 17.175 Thread 0x0000028149172000 Thread exited: 0x0000028149172000
Event: 17.647 Thread 0x0000028140892530 Thread added: 0x000002814a224010
Event: 17.938 Thread 0x0000028146ac4f10 Thread added: 0x00000281455bd1f0
Event: 18.525 Thread 0x000002814a224010 Thread exited: 0x000002814a224010


Dynamic libraries:
0x00007ff66d760000 - 0x00007ff66d76a000 	C:\Program Files\Android\Android Studio\jbr\bin\java.exe
0x00007ffcb1210000 - 0x00007ffcb1408000 	C:\WINDOWS\SYSTEM32\ntdll.dll
0x00007ffcb0b30000 - 0x00007ffcb0bf2000 	C:\WINDOWS\System32\KERNEL32.DLL
0x00007ffcae900000 - 0x00007ffcaebf6000 	C:\WINDOWS\System32\KERNELBASE.dll
0x00007ffcaf140000 - 0x00007ffcaf240000 	C:\WINDOWS\System32\ucrtbase.dll
0x00007ffca2640000 - 0x00007ffca265b000 	C:\Program Files\Android\Android Studio\jbr\bin\VCRUNTIME140.dll
0x00007ffca26f0000 - 0x00007ffca2708000 	C:\Program Files\Android\Android Studio\jbr\bin\jli.dll
0x00007ffcb0990000 - 0x00007ffcb0b2d000 	C:\WINDOWS\System32\USER32.dll
0x00007ffcaeff0000 - 0x00007ffcaf012000 	C:\WINDOWS\System32\win32u.dll
0x00007ffcaf830000 - 0x00007ffcaf85b000 	C:\WINDOWS\System32\GDI32.dll
0x00007ffcaf020000 - 0x00007ffcaf139000 	C:\WINDOWS\System32\gdi32full.dll
0x00007ffc9e020000 - 0x00007ffc9e2bb000 	C:\WINDOWS\WinSxS\amd64_microsoft.windows.common-controls_6595b64144ccf1df_6.0.19041.6280_none_60bc30a171f2f3f3\COMCTL32.dll
0x00007ffcaec80000 - 0x00007ffcaed1d000 	C:\WINDOWS\System32\msvcp_win.dll
0x00007ffcb0400000 - 0x00007ffcb049e000 	C:\WINDOWS\System32\msvcrt.dll
0x00007ffcaf8c0000 - 0x00007ffcaf8ef000 	C:\WINDOWS\System32\IMM32.DLL
0x00007ffcaac90000 - 0x00007ffcaac9c000 	C:\Program Files\Android\Android Studio\jbr\bin\vcruntime140_1.dll
0x00007ffc71e00000 - 0x00007ffc71e8d000 	C:\Program Files\Android\Android Studio\jbr\bin\msvcp140.dll
0x00007ffc18820000 - 0x00007ffc194ab000 	C:\Program Files\Android\Android Studio\jbr\bin\server\jvm.dll
0x00007ffcb0ca0000 - 0x00007ffcb0d51000 	C:\WINDOWS\System32\ADVAPI32.dll
0x00007ffcb01d0000 - 0x00007ffcb026f000 	C:\WINDOWS\System32\sechost.dll
0x00007ffcaf600000 - 0x00007ffcaf720000 	C:\WINDOWS\System32\RPCRT4.dll
0x00007ffcaee60000 - 0x00007ffcaee87000 	C:\WINDOWS\System32\bcrypt.dll
0x00007ffcb0c00000 - 0x00007ffcb0c6b000 	C:\WINDOWS\System32\WS2_32.dll
0x00007ffcade30000 - 0x00007ffcade7b000 	C:\WINDOWS\SYSTEM32\POWRPROF.dll
0x00007ffca6680000 - 0x00007ffca66a7000 	C:\WINDOWS\SYSTEM32\WINMM.dll
0x00007ffca66b0000 - 0x00007ffca66ba000 	C:\WINDOWS\SYSTEM32\VERSION.dll
0x00007ffcadcb0000 - 0x00007ffcadcc2000 	C:\WINDOWS\SYSTEM32\UMPDC.dll
0x00007ffcac730000 - 0x00007ffcac742000 	C:\WINDOWS\SYSTEM32\kernel.appcore.dll
0x00007ffca56c0000 - 0x00007ffca56ca000 	C:\Program Files\Android\Android Studio\jbr\bin\jimage.dll
0x00007ffca5ca0000 - 0x00007ffca5ea1000 	C:\WINDOWS\SYSTEM32\DBGHELP.DLL
0x00007ffc87bb0000 - 0x00007ffc87be4000 	C:\WINDOWS\SYSTEM32\dbgcore.DLL
0x00007ffcaedd0000 - 0x00007ffcaee52000 	C:\WINDOWS\System32\bcryptPrimitives.dll
0x00007ffcaacf0000 - 0x00007ffcaacfe000 	C:\Program Files\Android\Android Studio\jbr\bin\instrument.dll
0x00007ffc9fe30000 - 0x00007ffc9fe50000 	C:\Program Files\Android\Android Studio\jbr\bin\java.dll
0x00007ffc9fb90000 - 0x00007ffc9fba8000 	C:\Program Files\Android\Android Studio\jbr\bin\zip.dll
0x00007ffcaf9e0000 - 0x00007ffcb0150000 	C:\WINDOWS\System32\SHELL32.dll
0x00007ffcac930000 - 0x00007ffcad0d5000 	C:\WINDOWS\SYSTEM32\windows.storage.dll
0x00007ffcaf2a0000 - 0x00007ffcaf5f3000 	C:\WINDOWS\System32\combase.dll
0x00007ffcae2e0000 - 0x00007ffcae30b000 	C:\WINDOWS\SYSTEM32\Wldp.dll
0x00007ffcb0540000 - 0x00007ffcb060d000 	C:\WINDOWS\System32\OLEAUT32.dll
0x00007ffcb0730000 - 0x00007ffcb07dd000 	C:\WINDOWS\System32\SHCORE.dll
0x00007ffcaf240000 - 0x00007ffcaf29b000 	C:\WINDOWS\System32\shlwapi.dll
0x00007ffcae7e0000 - 0x00007ffcae804000 	C:\WINDOWS\SYSTEM32\profapi.dll
0x00007ffca2680000 - 0x00007ffca2690000 	C:\Program Files\Android\Android Studio\jbr\bin\net.dll
0x00007ffca88f0000 - 0x00007ffca89fa000 	C:\WINDOWS\SYSTEM32\WINHTTP.dll
0x00007ffcae040000 - 0x00007ffcae0aa000 	C:\WINDOWS\system32\mswsock.dll
0x00007ffc8eaf0000 - 0x00007ffc8eb06000 	C:\Program Files\Android\Android Studio\jbr\bin\nio.dll
0x00007ffc84c60000 - 0x00007ffc84c70000 	C:\Program Files\Android\Android Studio\jbr\bin\verify.dll
0x00007ffc743e0000 - 0x00007ffc74407000 	C:\Users\dzoni\.gradle\native\c067742578af261105cb4f569cf0c3c89f3d7b1fecec35dd04571415982c5e48\windows-amd64\native-platform.dll
0x00007ffc695f0000 - 0x00007ffc69734000 	C:\Users\dzoni\.gradle\native\100fb08df4bc3b14c8652ba06237920a3bd2aa13389f12d3474272988ae205f9\windows-amd64\native-platform-file-events.dll
0x00007ffca16b0000 - 0x00007ffca16b9000 	C:\Program Files\Android\Android Studio\jbr\bin\management.dll
0x00007ffc9fe20000 - 0x00007ffc9fe2b000 	C:\Program Files\Android\Android Studio\jbr\bin\management_ext.dll
0x00007ffcaf9d0000 - 0x00007ffcaf9d8000 	C:\WINDOWS\System32\PSAPI.DLL
0x00007ffcae240000 - 0x00007ffcae258000 	C:\WINDOWS\SYSTEM32\CRYPTSP.dll
0x00007ffcad8f0000 - 0x00007ffcad928000 	C:\WINDOWS\system32\rsaenh.dll
0x00007ffcae760000 - 0x00007ffcae78e000 	C:\WINDOWS\SYSTEM32\USERENV.dll
0x00007ffcae230000 - 0x00007ffcae23c000 	C:\WINDOWS\SYSTEM32\CRYPTBASE.dll
0x00007ffcadcd0000 - 0x00007ffcadd0b000 	C:\WINDOWS\SYSTEM32\IPHLPAPI.DLL
0x00007ffcb0c90000 - 0x00007ffcb0c98000 	C:\WINDOWS\System32\NSI.dll
0x00007ffca2420000 - 0x00007ffca2429000 	C:\Program Files\Android\Android Studio\jbr\bin\extnet.dll
0x00007ffca9d50000 - 0x00007ffca9d57000 	C:\WINDOWS\system32\wshunix.dll

dbghelp: loaded successfully - version: 4.0.5 - missing functions: none
symbol engine: initialized successfully - sym options: 0x614 - pdb path: .;C:\Program Files\Android\Android Studio\jbr\bin;C:\WINDOWS\SYSTEM32;C:\WINDOWS\WinSxS\amd64_microsoft.windows.common-controls_6595b64144ccf1df_6.0.19041.6280_none_60bc30a171f2f3f3;C:\Program Files\Android\Android Studio\jbr\bin\server;C:\Users\dzoni\.gradle\native\c067742578af261105cb4f569cf0c3c89f3d7b1fecec35dd04571415982c5e48\windows-amd64;C:\Users\dzoni\.gradle\native\100fb08df4bc3b14c8652ba06237920a3bd2aa13389f12d3474272988ae205f9\windows-amd64

VM Arguments:
jvm_args: --add-opens=java.base/java.lang=ALL-UNNAMED --add-opens=java.base/java.lang.invoke=ALL-UNNAMED --add-opens=java.base/java.util=ALL-UNNAMED --add-opens=java.prefs/java.util.prefs=ALL-UNNAMED --add-exports=jdk.compiler/com.sun.tools.javac.api=ALL-UNNAMED --add-exports=jdk.compiler/com.sun.tools.javac.util=ALL-UNNAMED --add-opens=java.base/java.util=ALL-UNNAMED --add-opens=java.prefs/java.util.prefs=ALL-UNNAMED --add-opens=java.base/java.nio.charset=ALL-UNNAMED --add-opens=java.base/java.net=ALL-UNNAMED --add-opens=java.base/java.util.concurrent.atomic=ALL-UNNAMED --add-opens=java.xml/javax.xml.namespace=ALL-UNNAMED -Xmx2048m -Dfile.encoding=UTF-8 -Duser.country=US -Duser.language=en -Duser.variant -javaagent:C:\Users\dzoni\.gradle\wrapper\dists\gradle-8.11.1-bin\bpt9gzteqjrbo1mjrsomdt32c\gradle-8.11.1\lib\agents\gradle-instrumentation-agent-8.11.1.jar 
java_command: org.gradle.launcher.daemon.bootstrap.GradleDaemon 8.11.1
java_class_path (initial): C:\Users\dzoni\.gradle\wrapper\dists\gradle-8.11.1-bin\bpt9gzteqjrbo1mjrsomdt32c\gradle-8.11.1\lib\gradle-daemon-main-8.11.1.jar
Launcher Type: SUN_STANDARD

[Global flags]
     intx CICompilerCount                          = 3                                         {product} {ergonomic}
     uint ConcGCThreads                            = 1                                         {product} {ergonomic}
     uint G1ConcRefinementThreads                  = 4                                         {product} {ergonomic}
   size_t G1HeapRegionSize                         = 1048576                                   {product} {ergonomic}
    uintx GCDrainStackTargetSize                   = 64                                        {product} {ergonomic}
   size_t InitialHeapSize                          = 201326592                                 {product} {ergonomic}
   size_t MarkStackSize                            = 4194304                                   {product} {ergonomic}
   size_t MaxHeapSize                              = 2147483648                                {product} {command line}
   size_t MaxNewSize                               = 1287651328                                {product} {ergonomic}
   size_t MinHeapDeltaBytes                        = 1048576                                   {product} {ergonomic}
   size_t MinHeapSize                              = 8388608                                   {product} {ergonomic}
    uintx NonNMethodCodeHeapSize                   = 5832780                                {pd product} {ergonomic}
    uintx NonProfiledCodeHeapSize                  = 122912730                              {pd product} {ergonomic}
    uintx ProfiledCodeHeapSize                     = 122912730                              {pd product} {ergonomic}
    uintx ReservedCodeCacheSize                    = 251658240                              {pd product} {ergonomic}
     bool SegmentedCodeCache                       = true                                      {product} {ergonomic}
   size_t SoftMaxHeapSize                          = 2147483648                             {manageable} {ergonomic}
     bool UseCompressedOops                        = true                           {product lp64_product} {ergonomic}
     bool UseG1GC                                  = true                                      {product} {ergonomic}
     bool UseLargePagesIndividualAllocation        = false                                  {pd product} {ergonomic}

Logging:
Log output configuration:
 #0: stdout all=warning uptime,level,tags foldmultilines=false
 #1: stderr all=off uptime,level,tags foldmultilines=false

Environment Variables:
PATH=E:\Python\Scripts\;E:\Python\;C:\Program Files\Common Files\Oracle\Java\javapath;C:\Program Files (x86)\Common Files\Oracle\Java\javapath;C:\WINDOWS\system32;C:\WINDOWS;C:\WINDOWS\System32\Wbem;C:\WINDOWS\System32\WindowsPowerShell\v1.0\;C:\WINDOWS\System32\OpenSSH\;C:\Program Files\dotnet\;C:\Program Files\Microsoft SQL Server\Client SDK\ODBC\170\Tools\Binn\;C:\Program Files (x86)\Microsoft SQL Server\150\Tools\Binn\;C:\Program Files\Microsoft SQL Server\150\Tools\Binn\;C:\Program Files\Microsoft SQL Server\150\DTS\Binn\;C:\Program Files (x86)\Microsoft SQL Server\150\DTS\Binn\;C:\Program Files\Microsoft SQL Server\130\Tools\Binn\;C:\Program Files\Git\cmd;C:\Users\dzoni\AppData\Local\Microsoft\WindowsApps;C:\Users\dzoni\.dotnet\tools;C:\Users\dzoni\AppData\Local\Programs\Microsoft VS Code\bin;
USERNAME=dzoni
OS=Windows_NT
PROCESSOR_IDENTIFIER=Intel64 Family 6 Model 30 Stepping 5, GenuineIntel
TMP=C:\Users\dzoni\AppData\Local\Temp
TEMP=C:\Users\dzoni\AppData\Local\Temp




Periodic native trim disabled

JNI global refs:
JNI global refs: 25, weak refs: 0

JNI global refs memory usage: 835, weak refs: 833

Process memory usage:
Resident Set Size: 384128K (3% of 12573932K total physical memory with 362896K free physical memory)

OOME stack traces (most recent first):
Classloader memory used:
Loader org.gradle.internal.classloader.VisitableURLClassLoader                         : 41932K
Loader bootstrap                                                                       : 23428K
Loader org.gradle.initialization.MixInLegacyTypesClassLoader                           : 9473K
Loader jdk.internal.loader.ClassLoaders$AppClassLoader                                 : 8213K
Loader org.gradle.internal.classloader.VisitableURLClassLoader                         : 908K
Loader org.gradle.internal.classloader.VisitableURLClassLoader$InstrumentingVisitableURLClassLoader: 710K
Loader jdk.internal.loader.ClassLoaders$PlatformClassLoader                            : 697K
Loader jdk.internal.reflect.DelegatingClassLoader                                      : 210K
Loader org.gradle.groovy.scripts.internal.DefaultScriptCompilationHandler$ScriptClassLoader: 88992B
Loader org.codehaus.groovy.runtime.callsite.CallSiteClassLoader                        : 49592B

Classes loaded by more than one classloader:
Class org.gradle.api.GradleException                                                  : loaded 3 times (x 78B)
Class org.gradle.internal.classloader.FilteringClassLoader                            : loaded 2 times (x 101B)
Class org.gradle.internal.classloader.ClassLoaderHierarchy                            : loaded 2 times (x 66B)
Class org.gradle.api.internal.classpath.ManifestUtil                                  : loaded 2 times (x 67B)
Class org.jetbrains.plugins.gradle.model.GradleExtensions                             : loaded 2 times (x 66B)
Class org.jetbrains.plugins.gradle.model.AnnotationProcessingModel                    : loaded 2 times (x 66B)
Class org.gradle.internal.operations.MultipleBuildOperationFailures                   : loaded 2 times (x 91B)
Class org.gradle.internal.classloader.DefaultClassLoaderFactory                       : loaded 2 times (x 78B)
Class kotlin.collections.AbstractList$Companion                                       : loaded 2 times (x 67B)
Class org.gradle.internal.classloader.ClassLoaderVisitor                              : loaded 2 times (x 72B)
Class org.gradle.api.internal.classpath.EffectiveClassPath                            : loaded 2 times (x 86B)
Class org.gradle.tooling.internal.gradle.DefaultProjectIdentifier                     : loaded 2 times (x 82B)
Class org.gradle.api.internal.DefaultClassPathProvider                                : loaded 2 times (x 72B)
Class [Lorg.gradle.api.internal.ClassPathProvider;                                    : loaded 2 times (x 65B)
Class org.gradle.api.internal.ClassPathProvider                                       : loaded 2 times (x 66B)
Class org.gradle.internal.service.UnknownServiceException                             : loaded 2 times (x 79B)
Class org.jetbrains.kotlin.idea.gradleTooling.KotlinDslScriptAdditionalTask           : loaded 2 times (x 66B)
Class org.gradle.internal.classpath.TransformedClassPath                              : loaded 2 times (x 92B)
Class org.gradle.internal.classloader.InstrumentingClassLoader                        : loaded 2 times (x 66B)
Class kotlin.enums.EnumEntriesList                                                    : loaded 2 times (x 219B)
Class org.jetbrains.plugins.gradle.model.IntelliJSettings                             : loaded 2 times (x 66B)
Class org.jetbrains.kotlin.idea.gradleTooling.KotlinSourceSetContainer                : loaded 2 times (x 66B)
Class org.gradle.internal.service.ServiceLocator                                      : loaded 2 times (x 66B)
Class org.gradle.tooling.model.UnsupportedMethodException                             : loaded 2 times (x 78B)
Class org.gradle.internal.InternalTransformer                                         : loaded 2 times (x 66B)
Class org.gradle.internal.time.DefaultTimer                                           : loaded 2 times (x 76B)
Class org.gradle.internal.classloader.ClasspathUtil$1                                 : loaded 2 times (x 72B)
Class org.gradle.api.internal.classpath.DefaultModuleRegistry$DefaultModule           : loaded 2 times (x 82B)
Class org.gradle.internal.time.DefaultCountdownTimer                                  : loaded 2 times (x 84B)
Class ijInit1_9hnhjeuh3vlg43wi7wx15y1wy                                               : loaded 2 times (x 175B)
Class org.gradle.tooling.internal.gradle.DefaultBuildIdentifier                       : loaded 2 times (x 75B)
Class kotlin.Function                                                                 : loaded 2 times (x 66B)
Class org.gradle.api.internal.classpath.Module                                        : loaded 2 times (x 66B)
Class org.gradle.api.internal.classpath.UnknownModuleException                        : loaded 2 times (x 78B)
Class com.intellij.openapi.externalSystem.model.project.dependencies.ProjectDependencies: loaded 2 times (x 66B)
Class org.gradle.tooling.internal.gradle.GradleProjectIdentity                        : loaded 2 times (x 66B)
Class org.gradle.api.internal.DefaultClassPathRegistry                                : loaded 2 times (x 72B)
Class org.gradle.api.internal.ClassPathRegistry                                       : loaded 2 times (x 66B)
Class org.gradle.internal.classpath.DefaultClassPath$ImmutableUniqueList              : loaded 2 times (x 195B)
Class Settings_gradle$1                                                               : loaded 2 times (x 70B)
Class Program                                                                         : loaded 2 times (x 68B)
Class org.gradle.internal.classpath.ClassPath                                         : loaded 2 times (x 66B)
Class org.gradle.api.UncheckedIOException                                             : loaded 2 times (x 78B)
Class org.jetbrains.kotlin.idea.gradleTooling.KotlinGradleModel                       : loaded 2 times (x 66B)
Class org.gradle.tooling.model.Model                                                  : loaded 2 times (x 66B)
Class kotlin.UninitializedPropertyAccessException                                     : loaded 2 times (x 78B)
Class org.jetbrains.plugins.gradle.model.IntelliJProjectSettings                      : loaded 2 times (x 66B)
Class org.gradle.internal.installation.GradleInstallation$1                           : loaded 2 times (x 71B)
Class org.gradle.api.internal.classpath.ModuleRegistry                                : loaded 2 times (x 66B)
Class org.jetbrains.plugins.gradle.model.VersionCatalogsModel                         : loaded 2 times (x 66B)
Class org.gradle.api.internal.classpath.DefaultModuleRegistry                         : loaded 2 times (x 82B)
Class org.gradle.internal.time.MonotonicClock                                         : loaded 2 times (x 73B)
Class org.gradle.internal.service.ServiceLookupException                              : loaded 2 times (x 78B)
Class org.gradle.internal.classloader.ClassLoaderFactory                              : loaded 2 times (x 66B)
Class org.gradle.internal.service.CachingServiceLocator                               : loaded 2 times (x 78B)
Class org.jetbrains.plugins.gradle.model.RepositoryModels                             : loaded 2 times (x 66B)
Class org.gradle.internal.time.TimeSource                                             : loaded 2 times (x 66B)
Class org.gradle.tooling.internal.gradle.GradleBuildIdentity                          : loaded 2 times (x 66B)
Class kotlin.enums.EnumEntries                                                        : loaded 2 times (x 66B)
Class org.gradle.internal.exceptions.ResolutionProvider                               : loaded 2 times (x 66B)
Class org.gradle.tooling.model.ProjectIdentifier                                      : loaded 2 times (x 66B)
Class org.gradle.internal.classloader.ClasspathUtil                                   : loaded 2 times (x 67B)
Class org.gradle.internal.time.TimeSource$1                                           : loaded 2 times (x 73B)
Class kotlin.jvm.internal.DefaultConstructorMarker                                    : loaded 2 times (x 67B)
Class org.gradle.api.specs.Spec                                                       : loaded 2 times (x 66B)
Class org.gradle.internal.time.Clock                                                  : loaded 2 times (x 66B)
Class kotlin.collections.AbstractList                                                 : loaded 2 times (x 193B)
Class kotlin.collections.AbstractCollection                                           : loaded 2 times (x 113B)
Class org.gradle.internal.classloader.VisitableURLClassLoader$InstrumentingVisitableURLClassLoader: loaded 2 times (x 119B)
Class org.gradle.internal.classloader.VisitableURLClassLoader$Spec                    : loaded 2 times (x 70B)
Class org.gradle.internal.classpath.DefaultClassPath                                  : loaded 2 times (x 86B)
Class org.gradle.internal.classloader.ClassLoaderSpec                                 : loaded 2 times (x 67B)
Class Settings_gradle$1$1                                                             : loaded 2 times (x 70B)
Class kotlin.Unit                                                                     : loaded 2 times (x 67B)
Class org.gradle.internal.classloader.VisitableURLClassLoader                         : loaded 2 times (x 113B)
Class Settings_gradle                                                                 : loaded 2 times (x 124B)
Class org.gradle.internal.Cast                                                        : loaded 2 times (x 67B)
Class org.gradle.api.Action                                                           : loaded 2 times (x 66B)
Class kotlin.jvm.functions.Function1                                                  : loaded 2 times (x 66B)
Class org.gradle.internal.classpath.DefaultClassPath$ImmutableUniqueList$Builder      : loaded 2 times (x 71B)
Class kotlin.NotImplementedError                                                      : loaded 2 times (x 78B)
Class org.gradle.internal.exceptions.NonGradleCauseExceptionsHolder                   : loaded 2 times (x 66B)
Class org.jetbrains.plugins.gradle.tooling.ModelBuilderService$Parameter              : loaded 2 times (x 66B)
Class kotlin.enums.EnumEntriesKt                                                      : loaded 2 times (x 67B)
Class org.gradle.internal.IoActions                                                   : loaded 2 times (x 67B)
Class org.gradle.internal.classloader.SystemClassLoaderSpec                           : loaded 2 times (x 67B)
Class org.gradle.internal.exceptions.MultiCauseException                              : loaded 2 times (x 66B)
Class org.gradle.internal.time.CountdownTimer                                         : loaded 2 times (x 66B)
Class kotlin.jvm.internal.Intrinsics                                                  : loaded 2 times (x 67B)
Class org.gradle.tooling.model.ProjectModel                                           : loaded 2 times (x 66B)
Class kotlin.KotlinNullPointerException                                               : loaded 2 times (x 79B)
Class org.jetbrains.plugins.gradle.model.tests.ExternalTestsModel                     : loaded 2 times (x 66B)
Class org.gradle.internal.exceptions.DefaultMultiCauseException                       : loaded 2 times (x 91B)
Class sync_studio_tooling11_4vs3gda4f2oztvrtr2cjq9mom                                 : loaded 2 times (x 175B)
Class org.gradle.internal.time.Time                                                   : loaded 2 times (x 67B)
Class org.jetbrains.plugins.gradle.model.DependencyAccessorsModel                     : loaded 2 times (x 66B)
Class org.gradle.api.internal.classpath.GlobalCacheRootsProvider                      : loaded 2 times (x 66B)
Class org.jetbrains.kotlin.idea.gradleTooling.KotlinMPPGradleModel                    : loaded 2 times (x 66B)
Class org.gradle.tooling.model.BuildIdentifier                                        : loaded 2 times (x 66B)
Class org.jetbrains.kotlin.idea.gradleTooling.PrepareKotlinIdeImportTaskModel         : loaded 2 times (x 66B)
Class org.gradle.internal.time.Timer                                                  : loaded 2 times (x 66B)
Class kotlin.jvm.internal.markers.KMappedMarker                                       : loaded 2 times (x 66B)
Class org.gradle.internal.installation.CurrentGradleInstallationLocator               : loaded 2 times (x 67B)
Class org.gradle.internal.service.DefaultServiceLocator                               : loaded 2 times (x 79B)
Class org.gradle.util.GradleVersion                                                   : loaded 2 times (x 79B)
Class org.gradle.internal.installation.CurrentGradleInstallation                      : loaded 2 times (x 69B)
Class org.jetbrains.plugins.gradle.javaModel.JavaGradleManifestModel                  : loaded 2 times (x 66B)
Class org.gradle.util.internal.GUtil                                                  : loaded 2 times (x 67B)
Class org.gradle.internal.installation.GradleInstallation                             : loaded 2 times (x 71B)

---------------  S Y S T E M  ---------------

OS:
 Windows 10 , 64 bit Build 19041 (10.0.19041.5915)
OS uptime: 5 days 10:26 hours

CPU: total 4 (initial active 4) (4 cores per cpu, 1 threads per core) family 6 model 30 stepping 5 microcode 0xa, cx8, cmov, fxsr, mmx, sse, sse2, sse3, ssse3, sse4.1, sse4.2, popcnt, tsc, tscinvbit, clflush, rdtscp
Processor Information for the first 4 processors :
  Max Mhz: 2793, Current Mhz: 2793, Mhz Limit: 2793

Memory: 4k page, system-wide physical 12279M (378M free)
TotalPageFile size 23148M (AvailPageFile size 17M)
current process WorkingSet (physical memory assigned to process): 375M, peak: 378M
current process commit charge ("private bytes"): 405M, peak: 433M

vm_info: OpenJDK 64-Bit Server VM (21.0.6+-13355223-b631.42) for windows-amd64 JRE (21.0.6+-13355223-b631.42), built on 2025-04-14T18:21:23Z by "builder" with MS VC++ 16.10 / 16.11 (VS2019)

END.
